---------------------------------------------------------------
[ 2017-09-27T23:14:41+08:00 ] 127.0.0.1 127.0.0.1 GET /index
[ info ] test.oneshop.com/index [运行时间：0.034347s][吞吐率：29.11req/s] [内存消耗：3,145.53kb] [文件加载：50]
[ info ] [ LANG ] /Users/tonytian/project/PHP/OneShop/thinkphp/lang/zh-cn.php
[ info ] [ ROUTE ] array (
  'type' => 'module',
  'module' => 
  array (
    0 => '',
    1 => NULL,
    2 => NULL,
  ),
)
[ info ] [ HEADER ] array (
  'host' => 'test.oneshop.com',
  'connection' => 'keep-alive',
  'upgrade-insecure-requests' => '1',
  'user-agent' => 'Mozilla/5.0 (Macintosh; Intel Mac OS X 10_12_6) AppleWebKit/537.36 (KHTML, like Gecko) Chrome/60.0.3112.113 Safari/537.36',
  'accept' => 'text/html,application/xhtml+xml,application/xml;q=0.9,image/webp,image/apng,*/*;q=0.8',
  'accept-encoding' => 'gzip, deflate',
  'accept-language' => 'zh-CN,zh;q=0.8',
  'cookie' => 'PHPSESSID=g07h27lasmr6vi4t7ltsrn2al5; Hm_lvt_32e3cb4cf7e5c6772c4dc1f5d496b6af=1506524736; Hm_lpvt_32e3cb4cf7e5c6772c4dc1f5d496b6af=1506525125',
)
[ info ] [ PARAM ] array (
)
[ info ] [ CACHE ] INIT File
[ info ] [ DB ] INIT mysql
[ info ] [ LOG ] INIT File
[ error ] [1045]SQLSTATE[HY000] [1045] Access denied for user 'root'@'localhost' (using password: YES)[/Users/tonytian/project/PHP/OneShop/thinkphp/library/think/db/Connection.php:293]
---------------------------------------------------------------
[ 2017-09-27T23:15:20+08:00 ] 127.0.0.1 127.0.0.1 GET /index
[ info ] test.oneshop.com/index [运行时间：0.025546s][吞吐率：39.15req/s] [内存消耗：3,146.09kb] [文件加载：50]
[ info ] [ LANG ] /Users/tonytian/project/PHP/OneShop/thinkphp/lang/zh-cn.php
[ info ] [ ROUTE ] array (
  'type' => 'module',
  'module' => 
  array (
    0 => '',
    1 => NULL,
    2 => NULL,
  ),
)
[ info ] [ HEADER ] array (
  'host' => 'test.oneshop.com',
  'connection' => 'keep-alive',
  'cache-control' => 'max-age=0',
  'upgrade-insecure-requests' => '1',
  'user-agent' => 'Mozilla/5.0 (Macintosh; Intel Mac OS X 10_12_6) AppleWebKit/537.36 (KHTML, like Gecko) Chrome/60.0.3112.113 Safari/537.36',
  'accept' => 'text/html,application/xhtml+xml,application/xml;q=0.9,image/webp,image/apng,*/*;q=0.8',
  'accept-encoding' => 'gzip, deflate',
  'accept-language' => 'zh-CN,zh;q=0.8',
  'cookie' => 'PHPSESSID=g07h27lasmr6vi4t7ltsrn2al5; Hm_lvt_32e3cb4cf7e5c6772c4dc1f5d496b6af=1506524736; Hm_lpvt_32e3cb4cf7e5c6772c4dc1f5d496b6af=1506525125',
)
[ info ] [ PARAM ] array (
)
[ info ] [ CACHE ] INIT File
[ info ] [ DB ] INIT mysql
[ info ] [ LOG ] INIT File
[ error ] [1045]SQLSTATE[HY000] [1045] Access denied for user ''@'localhost' (using password: YES)[/Users/tonytian/project/PHP/OneShop/thinkphp/library/think/db/Connection.php:293]
---------------------------------------------------------------
[ 2017-09-27T23:15:28+08:00 ] 127.0.0.1 127.0.0.1 GET /index
[ info ] test.oneshop.com/index [运行时间：0.025567s][吞吐率：39.11req/s] [内存消耗：3,146.24kb] [文件加载：50]
[ info ] [ LANG ] /Users/tonytian/project/PHP/OneShop/thinkphp/lang/zh-cn.php
[ info ] [ ROUTE ] array (
  'type' => 'module',
  'module' => 
  array (
    0 => '',
    1 => NULL,
    2 => NULL,
  ),
)
[ info ] [ HEADER ] array (
  'host' => 'test.oneshop.com',
  'connection' => 'keep-alive',
  'cache-control' => 'max-age=0',
  'upgrade-insecure-requests' => '1',
  'user-agent' => 'Mozilla/5.0 (Macintosh; Intel Mac OS X 10_12_6) AppleWebKit/537.36 (KHTML, like Gecko) Chrome/60.0.3112.113 Safari/537.36',
  'accept' => 'text/html,application/xhtml+xml,application/xml;q=0.9,image/webp,image/apng,*/*;q=0.8',
  'accept-encoding' => 'gzip, deflate',
  'accept-language' => 'zh-CN,zh;q=0.8',
  'cookie' => 'PHPSESSID=g07h27lasmr6vi4t7ltsrn2al5; Hm_lvt_32e3cb4cf7e5c6772c4dc1f5d496b6af=1506524736; Hm_lpvt_32e3cb4cf7e5c6772c4dc1f5d496b6af=1506525125',
)
[ info ] [ PARAM ] array (
)
[ info ] [ CACHE ] INIT File
[ info ] [ DB ] INIT mysql
[ info ] [ LOG ] INIT File
[ error ] [1045]SQLSTATE[HY000] [1045] Access denied for user ''@'localhost' (using password: YES)[/Users/tonytian/project/PHP/OneShop/thinkphp/library/think/db/Connection.php:293]
---------------------------------------------------------------
[ 2017-09-27T23:15:39+08:00 ] 127.0.0.1 127.0.0.1 GET /index
[ info ] test.oneshop.com/index [运行时间：0.040270s][吞吐率：24.83req/s] [内存消耗：3,682.41kb] [文件加载：54]
[ info ] [ LANG ] /Users/tonytian/project/PHP/OneShop/thinkphp/lang/zh-cn.php
[ info ] [ ROUTE ] array (
  'type' => 'module',
  'module' => 
  array (
    0 => '',
    1 => NULL,
    2 => NULL,
  ),
)
[ info ] [ HEADER ] array (
  'host' => 'test.oneshop.com',
  'connection' => 'keep-alive',
  'cache-control' => 'max-age=0',
  'upgrade-insecure-requests' => '1',
  'user-agent' => 'Mozilla/5.0 (Macintosh; Intel Mac OS X 10_12_6) AppleWebKit/537.36 (KHTML, like Gecko) Chrome/60.0.3112.113 Safari/537.36',
  'accept' => 'text/html,application/xhtml+xml,application/xml;q=0.9,image/webp,image/apng,*/*;q=0.8',
  'accept-encoding' => 'gzip, deflate',
  'accept-language' => 'zh-CN,zh;q=0.8',
  'cookie' => 'PHPSESSID=g07h27lasmr6vi4t7ltsrn2al5; Hm_lvt_32e3cb4cf7e5c6772c4dc1f5d496b6af=1506524736; Hm_lpvt_32e3cb4cf7e5c6772c4dc1f5d496b6af=1506525125',
)
[ info ] [ PARAM ] array (
)
[ info ] [ CACHE ] INIT File
[ info ] [ DB ] INIT mysql
[ info ] [ RUN ] osc\index\controller\Index->index[ /Users/tonytian/project/PHP/OneShop/oscshop/index/controller/Index.php ]
[ info ] [ VIEW ] ./oscshop/index/view/index/index.html [ array (
  0 => 'top_nav',
  1 => 'empty',
  2 => 'list',
  3 => 'SEO',
) ]
[ info ] [ SESSION ] INIT array (
  'type' => '',
  'auto_start' => true,
)
[ info ] [ LOG ] INIT File
---------------------------------------------------------------
[ 2017-09-27T23:16:26+08:00 ] 127.0.0.1 127.0.0.1 GET /index
[ info ] test.oneshop.com/index [运行时间：0.015559s][吞吐率：64.27req/s] [内存消耗：2,464.66kb] [文件加载：46]
[ info ] [ LANG ] /Users/tonytian/project/PHP/OneShop/thinkphp/lang/zh-cn.php
[ info ] [ ROUTE ] array (
  'type' => 'module',
  'module' => 
  array (
    0 => '',
    1 => NULL,
    2 => NULL,
  ),
)
[ info ] [ HEADER ] array (
  'host' => 'test.oneshop.com',
  'connection' => 'keep-alive',
  'upgrade-insecure-requests' => '1',
  'user-agent' => 'Mozilla/5.0 (Macintosh; Intel Mac OS X 10_12_6) AppleWebKit/537.36 (KHTML, like Gecko) Chrome/60.0.3112.113 Safari/537.36',
  'accept' => 'text/html,application/xhtml+xml,application/xml;q=0.9,image/webp,image/apng,*/*;q=0.8',
  'accept-encoding' => 'gzip, deflate',
  'accept-language' => 'zh-CN,zh;q=0.8',
  'cookie' => 'PHPSESSID=g07h27lasmr6vi4t7ltsrn2al5; Hm_lvt_32e3cb4cf7e5c6772c4dc1f5d496b6af=1506524736; Hm_lpvt_32e3cb4cf7e5c6772c4dc1f5d496b6af=1506525340',
)
[ info ] [ PARAM ] array (
)
[ info ] [ CACHE ] INIT File
[ info ] [ RUN ] osc\index\controller\Index->index[ /Users/tonytian/project/PHP/OneShop/oscshop/index/controller/Index.php ]
[ info ] [ VIEW ] ./oscshop/index/view/index/index.html [ array (
  0 => 'top_nav',
  1 => 'empty',
  2 => 'list',
  3 => 'SEO',
) ]
[ info ] [ SESSION ] INIT array (
  'type' => '',
  'auto_start' => true,
)
[ info ] [ LOG ] INIT File
---------------------------------------------------------------
[ 2017-09-27T23:22:17+08:00 ] 127.0.0.1 127.0.0.1 GET /index.php/admin
[ info ] test.oneshop.com/index.php/admin [运行时间：0.021486s][吞吐率：46.54req/s] [内存消耗：2,368.29kb] [文件加载：46]
[ info ] [ LANG ] /Users/tonytian/project/PHP/OneShop/thinkphp/lang/zh-cn.php
[ info ] [ ROUTE ] array (
  'type' => 'module',
  'module' => 
  array (
    0 => 'admin',
    1 => 'index',
    2 => 'index',
  ),
  'convert' => false,
)
[ info ] [ HEADER ] array (
  'host' => 'test.oneshop.com',
  'connection' => 'keep-alive',
  'upgrade-insecure-requests' => '1',
  'user-agent' => 'Mozilla/5.0 (Macintosh; Intel Mac OS X 10_12_6) AppleWebKit/537.36 (KHTML, like Gecko) Chrome/60.0.3112.113 Safari/537.36',
  'accept' => 'text/html,application/xhtml+xml,application/xml;q=0.9,image/webp,image/apng,*/*;q=0.8',
  'accept-encoding' => 'gzip, deflate',
  'accept-language' => 'zh-CN,zh;q=0.8',
  'cookie' => 'PHPSESSID=g07h27lasmr6vi4t7ltsrn2al5; Hm_lvt_32e3cb4cf7e5c6772c4dc1f5d496b6af=1506524736; Hm_lpvt_32e3cb4cf7e5c6772c4dc1f5d496b6af=1506525386',
)
[ info ] [ PARAM ] array (
)
[ info ] [ CACHE ] INIT File
[ info ] [ SESSION ] INIT array (
  'type' => '',
  'auto_start' => true,
)
[ info ] [ LOG ] INIT File
---------------------------------------------------------------
[ 2017-09-27T23:22:17+08:00 ] 127.0.0.1 127.0.0.1 GET /index.php/admin/Login/login
[ info ] test.oneshop.com/index.php/admin/Login/login [运行时间：0.016489s][吞吐率：60.65req/s] [内存消耗：2,484.80kb] [文件加载：46]
[ info ] [ LANG ] /Users/tonytian/project/PHP/OneShop/thinkphp/lang/zh-cn.php
[ info ] [ ROUTE ] array (
  'type' => 'module',
  'module' => 
  array (
    0 => 'admin',
    1 => 'Login',
    2 => 'login',
  ),
)
[ info ] [ HEADER ] array (
  'host' => 'test.oneshop.com',
  'connection' => 'keep-alive',
  'upgrade-insecure-requests' => '1',
  'user-agent' => 'Mozilla/5.0 (Macintosh; Intel Mac OS X 10_12_6) AppleWebKit/537.36 (KHTML, like Gecko) Chrome/60.0.3112.113 Safari/537.36',
  'accept' => 'text/html,application/xhtml+xml,application/xml;q=0.9,image/webp,image/apng,*/*;q=0.8',
  'accept-encoding' => 'gzip, deflate',
  'accept-language' => 'zh-CN,zh;q=0.8',
  'cookie' => 'PHPSESSID=g07h27lasmr6vi4t7ltsrn2al5; Hm_lvt_32e3cb4cf7e5c6772c4dc1f5d496b6af=1506524736; Hm_lpvt_32e3cb4cf7e5c6772c4dc1f5d496b6af=1506525386',
)
[ info ] [ PARAM ] array (
)
[ info ] [ CACHE ] INIT File
[ info ] [ RUN ] osc\admin\controller\Login->login[ /Users/tonytian/project/PHP/OneShop/oscshop/admin/controller/Login.php ]
[ info ] [ SESSION ] INIT array (
  'type' => '',
  'auto_start' => true,
)
[ info ] [ VIEW ] ./oscshop/admin/view/public/login.html [ array (
) ]
[ info ] [ LOG ] INIT File
---------------------------------------------------------------
[ 2017-09-27T23:22:30+08:00 ] 127.0.0.1 127.0.0.1 POST /index.php/admin/Login/login
[ info ] test.oneshop.com/index.php/admin/Login/login [运行时间：0.029403s][吞吐率：34.01req/s] [内存消耗：3,444.36kb] [文件加载：53]
[ info ] [ LANG ] /Users/tonytian/project/PHP/OneShop/thinkphp/lang/zh-cn.php
[ info ] [ ROUTE ] array (
  'type' => 'module',
  'module' => 
  array (
    0 => 'admin',
    1 => 'Login',
    2 => 'login',
  ),
)
[ info ] [ HEADER ] array (
  'host' => 'test.oneshop.com',
  'connection' => 'keep-alive',
  'content-length' => '30',
  'cache-control' => 'max-age=0',
  'origin' => 'http://test.oneshop.com',
  'upgrade-insecure-requests' => '1',
  'user-agent' => 'Mozilla/5.0 (Macintosh; Intel Mac OS X 10_12_6) AppleWebKit/537.36 (KHTML, like Gecko) Chrome/60.0.3112.113 Safari/537.36',
  'content-type' => 'application/x-www-form-urlencoded',
  'accept' => 'text/html,application/xhtml+xml,application/xml;q=0.9,image/webp,image/apng,*/*;q=0.8',
  'referer' => 'http://test.oneshop.com/index.php/admin/Login/login',
  'accept-encoding' => 'gzip, deflate',
  'accept-language' => 'zh-CN,zh;q=0.8',
  'cookie' => 'PHPSESSID=g07h27lasmr6vi4t7ltsrn2al5; Hm_lvt_32e3cb4cf7e5c6772c4dc1f5d496b6af=1506524736; Hm_lpvt_32e3cb4cf7e5c6772c4dc1f5d496b6af=1506525386',
)
[ info ] [ PARAM ] array (
  'username' => 'admin',
  'password' => '123456',
)
[ info ] [ CACHE ] INIT File
[ info ] [ RUN ] osc\admin\controller\Login->login[ /Users/tonytian/project/PHP/OneShop/oscshop/admin/controller/Login.php ]
[ info ] [ DB ] INIT mysql
[ info ] [ SESSION ] INIT array (
  'type' => '',
  'auto_start' => true,
)
[ info ] [ VIEW ] ./oscshop/common/view/public/success.tpl [ array (
  0 => 'code',
  1 => 'msg',
  2 => 'data',
  3 => 'url',
  4 => 'wait',
) ]
[ info ] [ LOG ] INIT File
---------------------------------------------------------------
[ 2017-09-27T23:22:33+08:00 ] 127.0.0.1 127.0.0.1 GET /index.php/admin/Index/index
[ info ] test.oneshop.com/index.php/admin/Index/index [运行时间：0.017726s][吞吐率：56.41req/s] [内存消耗：1,730.60kb] [文件加载：33]
[ info ] [ LANG ] /Users/tonytian/project/PHP/OneShop/thinkphp/lang/zh-cn.php
[ info ] [ LOG ] INIT File
---------------------------------------------------------------
[ 2017-09-27T23:22:51+08:00 ] 127.0.0.1 127.0.0.1 GET /index.php/admin/Index/index
[ info ] test.oneshop.com/index.php/admin/Index/index [运行时间：0.038745s][吞吐率：25.81req/s] [内存消耗：3,934.33kb] [文件加载：57]
[ info ] [ LANG ] /Users/tonytian/project/PHP/OneShop/thinkphp/lang/zh-cn.php
[ info ] [ ROUTE ] array (
  'type' => 'module',
  'module' => 
  array (
    0 => 'admin',
    1 => 'Index',
    2 => 'index',
  ),
)
[ info ] [ HEADER ] array (
  'host' => 'test.oneshop.com',
  'connection' => 'keep-alive',
  'cache-control' => 'max-age=0',
  'upgrade-insecure-requests' => '1',
  'user-agent' => 'Mozilla/5.0 (Macintosh; Intel Mac OS X 10_12_6) AppleWebKit/537.36 (KHTML, like Gecko) Chrome/60.0.3112.113 Safari/537.36',
  'accept' => 'text/html,application/xhtml+xml,application/xml;q=0.9,image/webp,image/apng,*/*;q=0.8',
  'referer' => 'http://test.oneshop.com/index.php/admin/Login/login',
  'accept-encoding' => 'gzip, deflate',
  'accept-language' => 'zh-CN,zh;q=0.8',
  'cookie' => 'PHPSESSID=g07h27lasmr6vi4t7ltsrn2al5; Hm_lvt_32e3cb4cf7e5c6772c4dc1f5d496b6af=1506524736; Hm_lpvt_32e3cb4cf7e5c6772c4dc1f5d496b6af=1506525386',
)
[ info ] [ PARAM ] array (
)
[ info ] [ CACHE ] INIT File
[ info ] [ SESSION ] INIT array (
  'type' => '',
  'auto_start' => true,
)
[ info ] [ DB ] INIT mysql
[ info ] [ RUN ] osc\admin\controller\Index->index[ /Users/tonytian/project/PHP/OneShop/oscshop/admin/controller/Index.php ]
[ info ] [ VIEW ] ./oscshop/admin/view/index/index.html [ array (
  0 => 'admin_menu',
  1 => 'total_order',
  2 => 'today_order',
  3 => 'total_money',
  4 => 'today_money',
  5 => 'user_action_total',
  6 => 'today_user_action',
  7 => 'today_member',
  8 => 'member_count',
  9 => 'user_action',
  10 => 'uc_empty',
  11 => 'order_list',
  12 => 'empty',
) ]
[ info ] [ LOG ] INIT File
---------------------------------------------------------------
[ 2017-09-27T23:22:58+08:00 ] 127.0.0.1 127.0.0.1 GET /index.php/admin/goods/index
[ info ] test.oneshop.com/index.php/admin/goods/index [运行时间：0.043360s][吞吐率：23.06req/s] [内存消耗：4,045.73kb] [文件加载：58]
[ info ] [ LANG ] /Users/tonytian/project/PHP/OneShop/thinkphp/lang/zh-cn.php
[ info ] [ ROUTE ] array (
  'type' => 'module',
  'module' => 
  array (
    0 => 'admin',
    1 => 'goods',
    2 => 'index',
  ),
)
[ info ] [ HEADER ] array (
  'host' => 'test.oneshop.com',
  'connection' => 'keep-alive',
  'upgrade-insecure-requests' => '1',
  'user-agent' => 'Mozilla/5.0 (Macintosh; Intel Mac OS X 10_12_6) AppleWebKit/537.36 (KHTML, like Gecko) Chrome/60.0.3112.113 Safari/537.36',
  'accept' => 'text/html,application/xhtml+xml,application/xml;q=0.9,image/webp,image/apng,*/*;q=0.8',
  'referer' => 'http://test.oneshop.com/index.php/admin/Index/index',
  'accept-encoding' => 'gzip, deflate',
  'accept-language' => 'zh-CN,zh;q=0.8',
  'cookie' => 'PHPSESSID=g07h27lasmr6vi4t7ltsrn2al5; Hm_lvt_32e3cb4cf7e5c6772c4dc1f5d496b6af=1506524736; Hm_lpvt_32e3cb4cf7e5c6772c4dc1f5d496b6af=1506525386',
)
[ info ] [ PARAM ] array (
)
[ info ] [ CACHE ] INIT File
[ info ] [ SESSION ] INIT array (
  'type' => '',
  'auto_start' => true,
)
[ info ] [ DB ] INIT mysql
[ info ] [ RUN ] osc\admin\controller\Goods->index[ /Users/tonytian/project/PHP/OneShop/oscshop/admin/controller/Goods.php ]
[ info ] [ VIEW ] ./oscshop/admin/view/goods/index.html [ array (
  0 => 'admin_menu',
  1 => 'breadcrumb1',
  2 => 'breadcrumb2',
  3 => 'empty',
  4 => 'category',
  5 => 'list',
) ]
[ info ] [ LOG ] INIT File
---------------------------------------------------------------
[ 2017-09-27T23:23:27+08:00 ] 127.0.0.1 127.0.0.1 GET /index.php/admin/goods/index
[ info ] test.oneshop.com/index.php/admin/goods/index [运行时间：0.028217s][吞吐率：35.44req/s] [内存消耗：3,779.31kb] [文件加载：56]
[ info ] [ LANG ] /Users/tonytian/project/PHP/OneShop/thinkphp/lang/zh-cn.php
[ info ] [ ROUTE ] array (
  'type' => 'module',
  'module' => 
  array (
    0 => 'admin',
    1 => 'goods',
    2 => 'index',
  ),
)
[ info ] [ HEADER ] array (
  'host' => 'test.oneshop.com',
  'connection' => 'keep-alive',
  'cache-control' => 'max-age=0',
  'upgrade-insecure-requests' => '1',
  'user-agent' => 'Mozilla/5.0 (Macintosh; Intel Mac OS X 10_12_6) AppleWebKit/537.36 (KHTML, like Gecko) Chrome/60.0.3112.113 Safari/537.36',
  'accept' => 'text/html,application/xhtml+xml,application/xml;q=0.9,image/webp,image/apng,*/*;q=0.8',
  'referer' => 'http://test.oneshop.com/index.php/admin/Index/index',
  'accept-encoding' => 'gzip, deflate',
  'accept-language' => 'zh-CN,zh;q=0.8',
  'cookie' => 'PHPSESSID=g07h27lasmr6vi4t7ltsrn2al5; Hm_lvt_32e3cb4cf7e5c6772c4dc1f5d496b6af=1506524736; Hm_lpvt_32e3cb4cf7e5c6772c4dc1f5d496b6af=1506525386',
)
[ info ] [ PARAM ] array (
)
[ info ] [ CACHE ] INIT File
[ info ] [ SESSION ] INIT array (
  'type' => '',
  'auto_start' => true,
)
[ info ] [ DB ] INIT mysql
[ info ] [ RUN ] osc\admin\controller\Goods->index[ /Users/tonytian/project/PHP/OneShop/oscshop/admin/controller/Goods.php ]
[ info ] [ VIEW ] ./oscshop/admin/view/goods/index.html [ array (
  0 => 'admin_menu',
  1 => 'breadcrumb1',
  2 => 'breadcrumb2',
  3 => 'empty',
  4 => 'category',
  5 => 'list',
) ]
[ info ] [ LOG ] INIT File
---------------------------------------------------------------
[ 2017-09-27T23:23:38+08:00 ] 127.0.0.1 127.0.0.1 GET /index.php/admin/goods/index
[ info ] test.oneshop.com/index.php/admin/goods/index [运行时间：0.033473s][吞吐率：29.87req/s] [内存消耗：3,779.13kb] [文件加载：56]
[ info ] [ LANG ] /Users/tonytian/project/PHP/OneShop/thinkphp/lang/zh-cn.php
[ info ] [ ROUTE ] array (
  'type' => 'module',
  'module' => 
  array (
    0 => 'admin',
    1 => 'goods',
    2 => 'index',
  ),
)
[ info ] [ HEADER ] array (
  'host' => 'test.oneshop.com',
  'connection' => 'keep-alive',
  'upgrade-insecure-requests' => '1',
  'user-agent' => 'Mozilla/5.0 (Macintosh; Intel Mac OS X 10_12_6) AppleWebKit/537.36 (KHTML, like Gecko) Chrome/60.0.3112.113 Safari/537.36',
  'accept' => 'text/html,application/xhtml+xml,application/xml;q=0.9,image/webp,image/apng,*/*;q=0.8',
  'referer' => 'http://test.oneshop.com/index.php/admin/Index/index',
  'accept-encoding' => 'gzip, deflate',
  'accept-language' => 'zh-CN,zh;q=0.8',
  'cookie' => 'PHPSESSID=g07h27lasmr6vi4t7ltsrn2al5; Hm_lvt_32e3cb4cf7e5c6772c4dc1f5d496b6af=1506524736; Hm_lpvt_32e3cb4cf7e5c6772c4dc1f5d496b6af=1506525386',
)
[ info ] [ PARAM ] array (
)
[ info ] [ CACHE ] INIT File
[ info ] [ SESSION ] INIT array (
  'type' => '',
  'auto_start' => true,
)
[ info ] [ DB ] INIT mysql
[ info ] [ RUN ] osc\admin\controller\Goods->index[ /Users/tonytian/project/PHP/OneShop/oscshop/admin/controller/Goods.php ]
[ info ] [ VIEW ] ./oscshop/admin/view/goods/index.html [ array (
  0 => 'admin_menu',
  1 => 'breadcrumb1',
  2 => 'breadcrumb2',
  3 => 'empty',
  4 => 'category',
  5 => 'list',
) ]
[ info ] [ LOG ] INIT File
