---------------------------------------------------------------
[ 2017-09-27T21:54:00+08:00 ] ::1 ::1 GET /OneShop/public/
[ info ] localhost/OneShop/public/ [运行时间：0.037039s][吞吐率：27.00req/s] [内存消耗：2,673.23kb] [文件加载：48]
[ info ] [ LANG ] /Users/tonytian/project/PHP/OneShop/thinkphp/lang/zh-cn.php
[ info ] [ ROUTE ] array (
  'type' => 'module',
  'module' => 
  array (
    0 => '',
    1 => NULL,
    2 => NULL,
  ),
)
[ info ] [ HEADER ] array (
  'host' => 'localhost',
  'accept' => 'text/html,application/xhtml+xml,application/xml;q=0.9,*/*;q=0.8',
  'upgrade-insecure-requests' => '1',
  'cookie' => 'CNZZDATA4535640=cnzz_eid%3D658421713-1506518560-%26ntime%3D1506518560; UM_distinctid=15ec39a61b0377-073b4db189ea6c8-1c401429-13c680-15ec39a61b17b0',
  'user-agent' => 'Mozilla/5.0 (Macintosh; Intel Mac OS X 10_12_6) AppleWebKit/603.3.8 (KHTML, like Gecko) Version/10.1.2 Safari/603.3.8',
  'accept-language' => 'zh-cn',
  'accept-encoding' => 'gzip, deflate',
  'connection' => 'keep-alive',
)
[ info ] [ PARAM ] array (
)
[ info ] [ CACHE ] INIT File
[ info ] [ RUN ] osc\index\controller\Index->index[ /Users/tonytian/project/PHP/OneShop/oscshop/index/controller/Index.php ]
[ info ] [ VIEW ] ../oscshop/index/view/index/index.html [ array (
  0 => 'top_nav',
  1 => 'empty',
  2 => 'list',
  3 => 'SEO',
) ]
[ info ] [ SESSION ] INIT array (
  'type' => '',
  'auto_start' => true,
)
[ info ] [ LOG ] INIT File
---------------------------------------------------------------
[ 2017-09-27T22:35:36+08:00 ] ::1 ::1 GET /OneShop/public/
[ info ] localhost/OneShop/public/ [运行时间：0.029521s][吞吐率：33.87req/s] [内存消耗：2,464.75kb] [文件加载：46]
[ info ] [ LANG ] /Users/tonytian/project/PHP/OneShop/thinkphp/lang/zh-cn.php
[ info ] [ ROUTE ] array (
  'type' => 'module',
  'module' => 
  array (
    0 => '',
    1 => NULL,
    2 => NULL,
  ),
)
[ info ] [ HEADER ] array (
  'host' => 'localhost',
  'accept' => 'text/html,application/xhtml+xml,application/xml;q=0.9,*/*;q=0.8',
  'upgrade-insecure-requests' => '1',
  'cookie' => 'Hm_lpvt_32e3cb4cf7e5c6772c4dc1f5d496b6af=1506520441; Hm_lvt_32e3cb4cf7e5c6772c4dc1f5d496b6af=1506520441; CNZZDATA4535640=cnzz_eid%3D658421713-1506518560-%26ntime%3D1506518560; PHPSESSID=afh69eerm4mcfand9nnmofuje7; UM_distinctid=15ec39a61b0377-073b4db189ea6c8-1c401429-13c680-15ec39a61b17b0',
  'user-agent' => 'Mozilla/5.0 (Macintosh; Intel Mac OS X 10_12_6) AppleWebKit/603.3.8 (KHTML, like Gecko) Version/10.1.2 Safari/603.3.8',
  'accept-language' => 'zh-cn',
  'accept-encoding' => 'gzip, deflate',
  'connection' => 'keep-alive',
)
[ info ] [ PARAM ] array (
)
[ info ] [ CACHE ] INIT File
[ info ] [ RUN ] osc\index\controller\Index->index[ /Users/tonytian/project/PHP/OneShop/oscshop/index/controller/Index.php ]
[ info ] [ VIEW ] ../oscshop/index/view/index/index.html [ array (
  0 => 'top_nav',
  1 => 'empty',
  2 => 'list',
  3 => 'SEO',
) ]
[ info ] [ SESSION ] INIT array (
  'type' => '',
  'auto_start' => true,
)
[ info ] [ LOG ] INIT File
---------------------------------------------------------------
[ 2017-09-27T22:35:41+08:00 ] ::1 ::1 GET /OneShop/public/
[ info ] localhost/OneShop/public/ [运行时间：0.017362s][吞吐率：57.60req/s] [内存消耗：2,464.75kb] [文件加载：46]
[ info ] [ LANG ] /Users/tonytian/project/PHP/OneShop/thinkphp/lang/zh-cn.php
[ info ] [ ROUTE ] array (
  'type' => 'module',
  'module' => 
  array (
    0 => '',
    1 => NULL,
    2 => NULL,
  ),
)
[ info ] [ HEADER ] array (
  'host' => 'localhost',
  'accept' => 'text/html,application/xhtml+xml,application/xml;q=0.9,*/*;q=0.8',
  'upgrade-insecure-requests' => '1',
  'cookie' => 'Hm_lpvt_32e3cb4cf7e5c6772c4dc1f5d496b6af=1506522936; Hm_lvt_32e3cb4cf7e5c6772c4dc1f5d496b6af=1506520441; CNZZDATA4535640=cnzz_eid%3D658421713-1506518560-%26ntime%3D1506518560; PHPSESSID=afh69eerm4mcfand9nnmofuje7; UM_distinctid=15ec39a61b0377-073b4db189ea6c8-1c401429-13c680-15ec39a61b17b0',
  'user-agent' => 'Mozilla/5.0 (Macintosh; Intel Mac OS X 10_12_6) AppleWebKit/603.3.8 (KHTML, like Gecko) Version/10.1.2 Safari/603.3.8',
  'accept-language' => 'zh-cn',
  'accept-encoding' => 'gzip, deflate',
  'connection' => 'keep-alive',
)
[ info ] [ PARAM ] array (
)
[ info ] [ CACHE ] INIT File
[ info ] [ RUN ] osc\index\controller\Index->index[ /Users/tonytian/project/PHP/OneShop/oscshop/index/controller/Index.php ]
[ info ] [ VIEW ] ../oscshop/index/view/index/index.html [ array (
  0 => 'top_nav',
  1 => 'empty',
  2 => 'list',
  3 => 'SEO',
) ]
[ info ] [ SESSION ] INIT array (
  'type' => '',
  'auto_start' => true,
)
[ info ] [ LOG ] INIT File
---------------------------------------------------------------
[ 2017-09-27T22:35:52+08:00 ] ::1 ::1 GET /OneShop/public/
[ info ] localhost/OneShop/public/ [运行时间：0.015670s][吞吐率：63.82req/s] [内存消耗：2,463.73kb] [文件加载：46]
[ info ] [ LANG ] /Users/tonytian/project/PHP/OneShop/thinkphp/lang/zh-cn.php
[ info ] [ ROUTE ] array (
  'type' => 'module',
  'module' => 
  array (
    0 => '',
    1 => NULL,
    2 => NULL,
  ),
)
[ info ] [ HEADER ] array (
  'host' => 'localhost',
  'connection' => 'keep-alive',
  'upgrade-insecure-requests' => '1',
  'user-agent' => 'Mozilla/5.0 (Macintosh; Intel Mac OS X 10_12_6) AppleWebKit/537.36 (KHTML, like Gecko) Chrome/60.0.3112.113 Safari/537.36',
  'accept' => 'text/html,application/xhtml+xml,application/xml;q=0.9,image/webp,image/apng,*/*;q=0.8',
  'accept-encoding' => 'gzip, deflate, br',
  'accept-language' => 'zh-CN,zh;q=0.8',
)
[ info ] [ PARAM ] array (
)
[ info ] [ CACHE ] INIT File
[ info ] [ RUN ] osc\index\controller\Index->index[ /Users/tonytian/project/PHP/OneShop/oscshop/index/controller/Index.php ]
[ info ] [ VIEW ] ../oscshop/index/view/index/index.html [ array (
  0 => 'top_nav',
  1 => 'empty',
  2 => 'list',
  3 => 'SEO',
) ]
[ info ] [ SESSION ] INIT array (
  'type' => '',
  'auto_start' => true,
)
[ info ] [ LOG ] INIT File
---------------------------------------------------------------
[ 2017-09-27T22:36:07+08:00 ] ::1 ::1 GET /OneShop/public/
[ info ] localhost/OneShop/public/ [运行时间：0.019238s][吞吐率：51.98req/s] [内存消耗：2,464.75kb] [文件加载：46]
[ info ] [ LANG ] /Users/tonytian/project/PHP/OneShop/thinkphp/lang/zh-cn.php
[ info ] [ ROUTE ] array (
  'type' => 'module',
  'module' => 
  array (
    0 => '',
    1 => NULL,
    2 => NULL,
  ),
)
[ info ] [ HEADER ] array (
  'host' => 'localhost',
  'accept' => 'text/html,application/xhtml+xml,application/xml;q=0.9,*/*;q=0.8',
  'upgrade-insecure-requests' => '1',
  'cookie' => 'Hm_lpvt_32e3cb4cf7e5c6772c4dc1f5d496b6af=1506522941; Hm_lvt_32e3cb4cf7e5c6772c4dc1f5d496b6af=1506520441; CNZZDATA4535640=cnzz_eid%3D658421713-1506518560-%26ntime%3D1506518560; PHPSESSID=afh69eerm4mcfand9nnmofuje7; UM_distinctid=15ec39a61b0377-073b4db189ea6c8-1c401429-13c680-15ec39a61b17b0',
  'user-agent' => 'Mozilla/5.0 (Macintosh; Intel Mac OS X 10_12_6) AppleWebKit/603.3.8 (KHTML, like Gecko) Version/10.1.2 Safari/603.3.8',
  'accept-language' => 'zh-cn',
  'accept-encoding' => 'gzip, deflate',
  'connection' => 'keep-alive',
)
[ info ] [ PARAM ] array (
)
[ info ] [ CACHE ] INIT File
[ info ] [ RUN ] osc\index\controller\Index->index[ /Users/tonytian/project/PHP/OneShop/oscshop/index/controller/Index.php ]
[ info ] [ VIEW ] ../oscshop/index/view/index/index.html [ array (
  0 => 'top_nav',
  1 => 'empty',
  2 => 'list',
  3 => 'SEO',
) ]
[ info ] [ SESSION ] INIT array (
  'type' => '',
  'auto_start' => true,
)
[ info ] [ LOG ] INIT File
---------------------------------------------------------------
[ 2017-09-27T23:05:24+08:00 ] 127.0.0.1 127.0.0.1 GET /public/
[ info ] test.oneshop.com/public/ [运行时间：0.020239s][吞吐率：49.41req/s] [内存消耗：2,463.70kb] [文件加载：46]
[ info ] [ LANG ] /Users/tonytian/project/PHP/OneShop/thinkphp/lang/zh-cn.php
[ info ] [ ROUTE ] array (
  'type' => 'module',
  'module' => 
  array (
    0 => '',
    1 => NULL,
    2 => NULL,
  ),
)
[ info ] [ HEADER ] array (
  'host' => 'test.oneshop.com',
  'upgrade-insecure-requests' => '1',
  'accept' => 'text/html,application/xhtml+xml,application/xml;q=0.9,*/*;q=0.8',
  'user-agent' => 'Mozilla/5.0 (Macintosh; Intel Mac OS X 10_12_6) AppleWebKit/603.3.8 (KHTML, like Gecko) Version/10.1.2 Safari/603.3.8',
  'accept-language' => 'zh-cn',
  'accept-encoding' => 'gzip, deflate',
  'connection' => 'keep-alive',
)
[ info ] [ PARAM ] array (
)
[ info ] [ CACHE ] INIT File
[ info ] [ RUN ] osc\index\controller\Index->index[ /Users/tonytian/project/PHP/OneShop/oscshop/index/controller/Index.php ]
[ info ] [ VIEW ] ../oscshop/index/view/index/index.html [ array (
  0 => 'top_nav',
  1 => 'empty',
  2 => 'list',
  3 => 'SEO',
) ]
[ info ] [ SESSION ] INIT array (
  'type' => '',
  'auto_start' => true,
)
[ info ] [ LOG ] INIT File
---------------------------------------------------------------
[ 2017-09-27T23:05:35+08:00 ] 127.0.0.1 127.0.0.1 GET /public/
[ info ] test.oneshop.com/public/ [运行时间：0.021734s][吞吐率：46.01req/s] [内存消耗：2,463.80kb] [文件加载：46]
[ info ] [ LANG ] /Users/tonytian/project/PHP/OneShop/thinkphp/lang/zh-cn.php
[ info ] [ ROUTE ] array (
  'type' => 'module',
  'module' => 
  array (
    0 => '',
    1 => NULL,
    2 => NULL,
  ),
)
[ info ] [ HEADER ] array (
  'host' => 'test.oneshop.com',
  'connection' => 'keep-alive',
  'upgrade-insecure-requests' => '1',
  'user-agent' => 'Mozilla/5.0 (Macintosh; Intel Mac OS X 10_12_6) AppleWebKit/537.36 (KHTML, like Gecko) Chrome/60.0.3112.113 Safari/537.36',
  'accept' => 'text/html,application/xhtml+xml,application/xml;q=0.9,image/webp,image/apng,*/*;q=0.8',
  'accept-encoding' => 'gzip, deflate',
  'accept-language' => 'zh-CN,zh;q=0.8',
)
[ info ] [ PARAM ] array (
)
[ info ] [ CACHE ] INIT File
[ info ] [ RUN ] osc\index\controller\Index->index[ /Users/tonytian/project/PHP/OneShop/oscshop/index/controller/Index.php ]
[ info ] [ VIEW ] ../oscshop/index/view/index/index.html [ array (
  0 => 'top_nav',
  1 => 'empty',
  2 => 'list',
  3 => 'SEO',
) ]
[ info ] [ SESSION ] INIT array (
  'type' => '',
  'auto_start' => true,
)
[ info ] [ LOG ] INIT File
---------------------------------------------------------------
[ 2017-09-27T23:07:53+08:00 ] 127.0.0.1 127.0.0.1 GET /public/
[ info ] test.oneshop.com/public/ [运行时间：0.018839s][吞吐率：53.08req/s] [内存消耗：2,094.17kb] [文件加载：40]
[ info ] [ LANG ] /Users/tonytian/project/PHP/OneShop/thinkphp/lang/zh-cn.php
[ info ] [ ROUTE ] array (
  'type' => 'module',
  'module' => 
  array (
    0 => '',
    1 => NULL,
    2 => NULL,
  ),
)
[ info ] [ HEADER ] array (
  'host' => 'test.oneshop.com',
  'connection' => 'keep-alive',
  'cache-control' => 'max-age=0',
  'upgrade-insecure-requests' => '1',
  'user-agent' => 'Mozilla/5.0 (Linux; Android 6.0; Nexus 5 Build/MRA58N) AppleWebKit/537.36 (KHTML, like Gecko) Chrome/60.0.3112.113 Mobile Safari/537.36',
  'accept' => 'text/html,application/xhtml+xml,application/xml;q=0.9,image/webp,image/apng,*/*;q=0.8',
  'accept-encoding' => 'gzip, deflate',
  'accept-language' => 'zh-CN,zh;q=0.8',
  'cookie' => 'PHPSESSID=g07h27lasmr6vi4t7ltsrn2al5; Hm_lvt_32e3cb4cf7e5c6772c4dc1f5d496b6af=1506524736; Hm_lpvt_32e3cb4cf7e5c6772c4dc1f5d496b6af=1506524736',
)
[ info ] [ PARAM ] array (
)
[ info ] [ CACHE ] INIT File
[ info ] [ LOG ] INIT File
---------------------------------------------------------------
[ 2017-09-27T23:08:04+08:00 ] 127.0.0.1 127.0.0.1 GET /public/
[ info ] test.oneshop.com/public/ [运行时间：0.018535s][吞吐率：53.95req/s] [内存消耗：2,093.79kb] [文件加载：40]
[ info ] [ LANG ] /Users/tonytian/project/PHP/OneShop/thinkphp/lang/zh-cn.php
[ info ] [ ROUTE ] array (
  'type' => 'module',
  'module' => 
  array (
    0 => '',
    1 => NULL,
    2 => NULL,
  ),
)
[ info ] [ HEADER ] array (
  'host' => 'test.oneshop.com',
  'connection' => 'keep-alive',
  'upgrade-insecure-requests' => '1',
  'user-agent' => 'Mozilla/5.0 (Linux; Android 6.0; Nexus 5 Build/MRA58N) AppleWebKit/537.36 (KHTML, like Gecko) Chrome/60.0.3112.113 Mobile Safari/537.36',
  'accept' => 'text/html,application/xhtml+xml,application/xml;q=0.9,image/webp,image/apng,*/*;q=0.8',
  'accept-encoding' => 'gzip, deflate',
  'accept-language' => 'zh-CN,zh;q=0.8',
  'cookie' => 'PHPSESSID=g07h27lasmr6vi4t7ltsrn2al5; Hm_lvt_32e3cb4cf7e5c6772c4dc1f5d496b6af=1506524736; Hm_lpvt_32e3cb4cf7e5c6772c4dc1f5d496b6af=1506524736',
)
[ info ] [ PARAM ] array (
)
[ info ] [ CACHE ] INIT File
[ info ] [ LOG ] INIT File
---------------------------------------------------------------
[ 2017-09-27T23:08:25+08:00 ] 127.0.0.1 127.0.0.1 GET /public/
[ info ] test.oneshop.com/public/ [运行时间：0.014916s][吞吐率：67.04req/s] [内存消耗：2,237.19kb] [文件加载：41]
[ info ] [ LANG ] /Users/tonytian/project/PHP/OneShop/thinkphp/lang/zh-cn.php
[ info ] [ ROUTE ] array (
  'type' => 'module',
  'module' => 
  array (
    0 => '',
    1 => NULL,
    2 => NULL,
  ),
)
[ info ] [ HEADER ] array (
  'host' => 'test.oneshop.com',
  'connection' => 'keep-alive',
  'upgrade-insecure-requests' => '1',
  'user-agent' => 'Mozilla/5.0 (Macintosh; Intel Mac OS X 10_12_6) AppleWebKit/537.36 (KHTML, like Gecko) Chrome/60.0.3112.113 Safari/537.36',
  'accept' => 'text/html,application/xhtml+xml,application/xml;q=0.9,image/webp,image/apng,*/*;q=0.8',
  'accept-encoding' => 'gzip, deflate',
  'accept-language' => 'zh-CN,zh;q=0.8',
  'cookie' => 'PHPSESSID=g07h27lasmr6vi4t7ltsrn2al5; Hm_lvt_32e3cb4cf7e5c6772c4dc1f5d496b6af=1506524736; Hm_lpvt_32e3cb4cf7e5c6772c4dc1f5d496b6af=1506524736',
)
[ info ] [ PARAM ] array (
)
[ info ] [ CACHE ] INIT File
[ info ] [ RUN ] osc\index\controller\Index->index[ /Users/tonytian/project/PHP/OneShop/oscshop/index/controller/Index.php ]
[ info ] [ LOG ] INIT File
---------------------------------------------------------------
[ 2017-09-27T23:09:55+08:00 ] 127.0.0.1 127.0.0.1 GET /public/
[ info ] test.oneshop.com/public/ [运行时间：0.016877s][吞吐率：59.25req/s] [内存消耗：2,464.55kb] [文件加载：46]
[ info ] [ LANG ] /Users/tonytian/project/PHP/OneShop/thinkphp/lang/zh-cn.php
[ info ] [ ROUTE ] array (
  'type' => 'module',
  'module' => 
  array (
    0 => '',
    1 => NULL,
    2 => NULL,
  ),
)
[ info ] [ HEADER ] array (
  'host' => 'test.oneshop.com',
  'connection' => 'keep-alive',
  'upgrade-insecure-requests' => '1',
  'user-agent' => 'Mozilla/5.0 (Macintosh; Intel Mac OS X 10_12_6) AppleWebKit/537.36 (KHTML, like Gecko) Chrome/60.0.3112.113 Safari/537.36',
  'accept' => 'text/html,application/xhtml+xml,application/xml;q=0.9,image/webp,image/apng,*/*;q=0.8',
  'accept-encoding' => 'gzip, deflate',
  'accept-language' => 'zh-CN,zh;q=0.8',
  'cookie' => 'PHPSESSID=g07h27lasmr6vi4t7ltsrn2al5; Hm_lvt_32e3cb4cf7e5c6772c4dc1f5d496b6af=1506524736; Hm_lpvt_32e3cb4cf7e5c6772c4dc1f5d496b6af=1506524736',
)
[ info ] [ PARAM ] array (
)
[ info ] [ CACHE ] INIT File
[ info ] [ RUN ] osc\index\controller\Index->index[ /Users/tonytian/project/PHP/OneShop/oscshop/index/controller/Index.php ]
[ info ] [ VIEW ] ../oscshop/index/view/index/index.html [ array (
  0 => 'top_nav',
  1 => 'empty',
  2 => 'list',
  3 => 'SEO',
) ]
[ info ] [ SESSION ] INIT array (
  'type' => '',
  'auto_start' => true,
)
[ info ] [ LOG ] INIT File
---------------------------------------------------------------
[ 2017-09-27T23:12:04+08:00 ] 127.0.0.1 127.0.0.1 GET /public/
[ info ] test.oneshop.com/public/ [运行时间：0.021003s][吞吐率：47.61req/s] [内存消耗：2,464.53kb] [文件加载：46]
[ info ] [ LANG ] /Users/tonytian/project/PHP/OneShop/thinkphp/lang/zh-cn.php
[ info ] [ ROUTE ] array (
  'type' => 'module',
  'module' => 
  array (
    0 => '',
    1 => NULL,
    2 => NULL,
  ),
)
[ info ] [ HEADER ] array (
  'host' => 'test.oneshop.com',
  'connection' => 'keep-alive',
  'upgrade-insecure-requests' => '1',
  'user-agent' => 'Mozilla/5.0 (Macintosh; Intel Mac OS X 10_12_6) AppleWebKit/537.36 (KHTML, like Gecko) Chrome/60.0.3112.113 Safari/537.36',
  'accept' => 'text/html,application/xhtml+xml,application/xml;q=0.9,image/webp,image/apng,*/*;q=0.8',
  'accept-encoding' => 'gzip, deflate',
  'accept-language' => 'zh-CN,zh;q=0.8',
  'cookie' => 'PHPSESSID=g07h27lasmr6vi4t7ltsrn2al5; Hm_lvt_32e3cb4cf7e5c6772c4dc1f5d496b6af=1506524736; Hm_lpvt_32e3cb4cf7e5c6772c4dc1f5d496b6af=1506524996',
)
[ info ] [ PARAM ] array (
)
[ info ] [ CACHE ] INIT File
[ info ] [ RUN ] osc\index\controller\Index->index[ /Users/tonytian/project/PHP/OneShop/oscshop/index/controller/Index.php ]
[ info ] [ VIEW ] ../oscshop/index/view/index/index.html [ array (
  0 => 'top_nav',
  1 => 'empty',
  2 => 'list',
  3 => 'SEO',
) ]
[ info ] [ SESSION ] INIT array (
  'type' => '',
  'auto_start' => true,
)
[ info ] [ LOG ] INIT File
---------------------------------------------------------------
[ 2017-09-27T23:26:19+08:00 ] 127.0.0.1 127.0.0.1 GET /index.php/admin/goods/index
[ info ] test.oneshop.com/index.php/admin/goods/index [运行时间：0.037695s][吞吐率：26.53req/s] [内存消耗：4,045.16kb] [文件加载：58]
[ info ] [ LANG ] /Users/tonytian/project/PHP/OneShop/thinkphp/lang/zh-cn.php
[ info ] [ ROUTE ] array (
  'type' => 'module',
  'module' => 
  array (
    0 => 'admin',
    1 => 'goods',
    2 => 'index',
  ),
)
[ info ] [ HEADER ] array (
  'host' => 'test.oneshop.com',
  'connection' => 'keep-alive',
  'cache-control' => 'max-age=0',
  'upgrade-insecure-requests' => '1',
  'user-agent' => 'Mozilla/5.0 (Macintosh; Intel Mac OS X 10_12_6) AppleWebKit/537.36 (KHTML, like Gecko) Chrome/60.0.3112.113 Safari/537.36',
  'accept' => 'text/html,application/xhtml+xml,application/xml;q=0.9,image/webp,image/apng,*/*;q=0.8',
  'referer' => 'http://test.oneshop.com/index.php/admin/Index/index',
  'accept-encoding' => 'gzip, deflate',
  'accept-language' => 'zh-CN,zh;q=0.8',
  'cookie' => 'PHPSESSID=g07h27lasmr6vi4t7ltsrn2al5; Hm_lvt_32e3cb4cf7e5c6772c4dc1f5d496b6af=1506524736; Hm_lpvt_32e3cb4cf7e5c6772c4dc1f5d496b6af=1506525386',
)
[ info ] [ PARAM ] array (
)
[ info ] [ CACHE ] INIT File
[ info ] [ SESSION ] INIT array (
  'type' => '',
  'auto_start' => true,
)
[ info ] [ DB ] INIT mysql
[ info ] [ RUN ] osc\admin\controller\Goods->index[ /Users/tonytian/project/PHP/OneShop/oscshop/admin/controller/Goods.php ]
[ info ] [ VIEW ] ../oscshop/admin/view/goods/index.html [ array (
  0 => 'admin_menu',
  1 => 'breadcrumb1',
  2 => 'breadcrumb2',
  3 => 'empty',
  4 => 'category',
  5 => 'list',
) ]
[ info ] [ LOG ] INIT File
---------------------------------------------------------------
[ 2017-09-27T23:26:22+08:00 ] 127.0.0.1 127.0.0.1 GET /
[ info ] test.oneshop.com/ [运行时间：0.020183s][吞吐率：49.55req/s] [内存消耗：2,465.31kb] [文件加载：46]
[ info ] [ LANG ] /Users/tonytian/project/PHP/OneShop/thinkphp/lang/zh-cn.php
[ info ] [ ROUTE ] array (
  'type' => 'module',
  'module' => 
  array (
    0 => '',
    1 => NULL,
    2 => NULL,
  ),
)
[ info ] [ HEADER ] array (
  'host' => 'test.oneshop.com',
  'connection' => 'keep-alive',
  'user-agent' => 'Mozilla/5.0 (Macintosh; Intel Mac OS X 10_12_6) AppleWebKit/537.36 (KHTML, like Gecko) Chrome/60.0.3112.113 Safari/537.36',
  'accept' => 'image/webp,image/apng,image/*,*/*;q=0.8',
  'referer' => 'http://test.oneshop.com/index.php/admin/goods/index',
  'accept-encoding' => 'gzip, deflate',
  'accept-language' => 'zh-CN,zh;q=0.8',
  'cookie' => 'PHPSESSID=g07h27lasmr6vi4t7ltsrn2al5; Hm_lvt_32e3cb4cf7e5c6772c4dc1f5d496b6af=1506524736; Hm_lpvt_32e3cb4cf7e5c6772c4dc1f5d496b6af=1506525386',
)
[ info ] [ PARAM ] array (
)
[ info ] [ CACHE ] INIT File
[ info ] [ RUN ] osc\index\controller\Index->index[ /Users/tonytian/project/PHP/OneShop/oscshop/index/controller/Index.php ]
[ info ] [ VIEW ] ../oscshop/index/view/index/index.html [ array (
  0 => 'top_nav',
  1 => 'empty',
  2 => 'list',
  3 => 'SEO',
) ]
[ info ] [ SESSION ] INIT array (
  'type' => '',
  'auto_start' => true,
)
[ info ] [ LOG ] INIT File
---------------------------------------------------------------
[ 2017-09-27T23:26:22+08:00 ] 127.0.0.1 127.0.0.1 GET /
[ info ] test.oneshop.com/ [运行时间：0.015799s][吞吐率：63.29req/s] [内存消耗：2,465.41kb] [文件加载：46]
[ info ] [ LANG ] /Users/tonytian/project/PHP/OneShop/thinkphp/lang/zh-cn.php
[ info ] [ ROUTE ] array (
  'type' => 'module',
  'module' => 
  array (
    0 => '',
    1 => NULL,
    2 => NULL,
  ),
)
[ info ] [ HEADER ] array (
  'host' => 'test.oneshop.com',
  'connection' => 'keep-alive',
  'user-agent' => 'Mozilla/5.0 (Macintosh; Intel Mac OS X 10_12_6) AppleWebKit/537.36 (KHTML, like Gecko) Chrome/60.0.3112.113 Safari/537.36',
  'accept' => 'image/webp,image/apng,image/*,*/*;q=0.8',
  'referer' => 'http://test.oneshop.com/index.php/admin/goods/index',
  'accept-encoding' => 'gzip, deflate',
  'accept-language' => 'zh-CN,zh;q=0.8',
  'cookie' => 'PHPSESSID=g07h27lasmr6vi4t7ltsrn2al5; Hm_lvt_32e3cb4cf7e5c6772c4dc1f5d496b6af=1506524736; Hm_lpvt_32e3cb4cf7e5c6772c4dc1f5d496b6af=1506525386',
)
[ info ] [ PARAM ] array (
)
[ info ] [ CACHE ] INIT File
[ info ] [ RUN ] osc\index\controller\Index->index[ /Users/tonytian/project/PHP/OneShop/oscshop/index/controller/Index.php ]
[ info ] [ VIEW ] ../oscshop/index/view/index/index.html [ array (
  0 => 'top_nav',
  1 => 'empty',
  2 => 'list',
  3 => 'SEO',
) ]
[ info ] [ SESSION ] INIT array (
  'type' => '',
  'auto_start' => true,
)
[ info ] [ LOG ] INIT File
---------------------------------------------------------------
[ 2017-09-27T23:26:31+08:00 ] 127.0.0.1 127.0.0.1 GET /index.php/member/menu_backend/index
[ info ] test.oneshop.com/index.php/member/menu_backend/index [运行时间：0.035179s][吞吐率：28.43req/s] [内存消耗：3,600.65kb] [文件加载：54]
[ info ] [ LANG ] /Users/tonytian/project/PHP/OneShop/thinkphp/lang/zh-cn.php
[ info ] [ ROUTE ] array (
  'type' => 'module',
  'module' => 
  array (
    0 => 'member',
    1 => 'menu_backend',
    2 => 'index',
  ),
)
[ info ] [ HEADER ] array (
  'host' => 'test.oneshop.com',
  'connection' => 'keep-alive',
  'upgrade-insecure-requests' => '1',
  'user-agent' => 'Mozilla/5.0 (Macintosh; Intel Mac OS X 10_12_6) AppleWebKit/537.36 (KHTML, like Gecko) Chrome/60.0.3112.113 Safari/537.36',
  'accept' => 'text/html,application/xhtml+xml,application/xml;q=0.9,image/webp,image/apng,*/*;q=0.8',
  'referer' => 'http://test.oneshop.com/index.php/admin/goods/index',
  'accept-encoding' => 'gzip, deflate',
  'accept-language' => 'zh-CN,zh;q=0.8',
  'cookie' => 'PHPSESSID=g07h27lasmr6vi4t7ltsrn2al5; Hm_lvt_32e3cb4cf7e5c6772c4dc1f5d496b6af=1506524736; Hm_lpvt_32e3cb4cf7e5c6772c4dc1f5d496b6af=1506525386',
)
[ info ] [ PARAM ] array (
)
[ info ] [ CACHE ] INIT File
[ info ] [ SESSION ] INIT array (
  'type' => '',
  'auto_start' => true,
)
[ info ] [ DB ] INIT mysql
[ info ] [ RUN ] osc\member\controller\MenuBackend->index[ /Users/tonytian/project/PHP/OneShop/oscshop/member/controller/MenuBackend.php ]
[ info ] [ VIEW ] ../oscshop/member/view/menu_backend/index.html [ array (
  0 => 'admin_menu',
  1 => 'breadcrumb1',
  2 => 'breadcrumb2',
  3 => 'list',
) ]
[ info ] [ LOG ] INIT File
---------------------------------------------------------------
[ 2017-09-27T23:26:35+08:00 ] 127.0.0.1 127.0.0.1 GET /index.php/admin/goods/index
[ info ] test.oneshop.com/index.php/admin/goods/index [运行时间：0.030492s][吞吐率：32.80req/s] [内存消耗：3,779.24kb] [文件加载：56]
[ info ] [ LANG ] /Users/tonytian/project/PHP/OneShop/thinkphp/lang/zh-cn.php
[ info ] [ ROUTE ] array (
  'type' => 'module',
  'module' => 
  array (
    0 => 'admin',
    1 => 'goods',
    2 => 'index',
  ),
)
[ info ] [ HEADER ] array (
  'host' => 'test.oneshop.com',
  'connection' => 'keep-alive',
  'upgrade-insecure-requests' => '1',
  'user-agent' => 'Mozilla/5.0 (Macintosh; Intel Mac OS X 10_12_6) AppleWebKit/537.36 (KHTML, like Gecko) Chrome/60.0.3112.113 Safari/537.36',
  'accept' => 'text/html,application/xhtml+xml,application/xml;q=0.9,image/webp,image/apng,*/*;q=0.8',
  'referer' => 'http://test.oneshop.com/index.php/member/menu_backend/index',
  'accept-encoding' => 'gzip, deflate',
  'accept-language' => 'zh-CN,zh;q=0.8',
  'cookie' => 'PHPSESSID=g07h27lasmr6vi4t7ltsrn2al5; Hm_lvt_32e3cb4cf7e5c6772c4dc1f5d496b6af=1506524736; Hm_lpvt_32e3cb4cf7e5c6772c4dc1f5d496b6af=1506525386',
)
[ info ] [ PARAM ] array (
)
[ info ] [ CACHE ] INIT File
[ info ] [ SESSION ] INIT array (
  'type' => '',
  'auto_start' => true,
)
[ info ] [ DB ] INIT mysql
[ info ] [ RUN ] osc\admin\controller\Goods->index[ /Users/tonytian/project/PHP/OneShop/oscshop/admin/controller/Goods.php ]
[ info ] [ VIEW ] ../oscshop/admin/view/goods/index.html [ array (
  0 => 'admin_menu',
  1 => 'breadcrumb1',
  2 => 'breadcrumb2',
  3 => 'empty',
  4 => 'category',
  5 => 'list',
) ]
[ info ] [ LOG ] INIT File
---------------------------------------------------------------
[ 2017-09-27T23:26:35+08:00 ] 127.0.0.1 127.0.0.1 GET /
[ info ] test.oneshop.com/ [运行时间：0.017907s][吞吐率：55.84req/s] [内存消耗：2,465.41kb] [文件加载：46]
[ info ] [ LANG ] /Users/tonytian/project/PHP/OneShop/thinkphp/lang/zh-cn.php
[ info ] [ ROUTE ] array (
  'type' => 'module',
  'module' => 
  array (
    0 => '',
    1 => NULL,
    2 => NULL,
  ),
)
[ info ] [ HEADER ] array (
  'host' => 'test.oneshop.com',
  'connection' => 'keep-alive',
  'user-agent' => 'Mozilla/5.0 (Macintosh; Intel Mac OS X 10_12_6) AppleWebKit/537.36 (KHTML, like Gecko) Chrome/60.0.3112.113 Safari/537.36',
  'accept' => 'image/webp,image/apng,image/*,*/*;q=0.8',
  'referer' => 'http://test.oneshop.com/index.php/admin/goods/index',
  'accept-encoding' => 'gzip, deflate',
  'accept-language' => 'zh-CN,zh;q=0.8',
  'cookie' => 'PHPSESSID=g07h27lasmr6vi4t7ltsrn2al5; Hm_lvt_32e3cb4cf7e5c6772c4dc1f5d496b6af=1506524736; Hm_lpvt_32e3cb4cf7e5c6772c4dc1f5d496b6af=1506525386',
)
[ info ] [ PARAM ] array (
)
[ info ] [ CACHE ] INIT File
[ info ] [ RUN ] osc\index\controller\Index->index[ /Users/tonytian/project/PHP/OneShop/oscshop/index/controller/Index.php ]
[ info ] [ VIEW ] ../oscshop/index/view/index/index.html [ array (
  0 => 'top_nav',
  1 => 'empty',
  2 => 'list',
  3 => 'SEO',
) ]
[ info ] [ SESSION ] INIT array (
  'type' => '',
  'auto_start' => true,
)
[ info ] [ LOG ] INIT File
---------------------------------------------------------------
[ 2017-09-27T23:26:35+08:00 ] 127.0.0.1 127.0.0.1 GET /
[ info ] test.oneshop.com/ [运行时间：0.020075s][吞吐率：49.81req/s] [内存消耗：2,465.41kb] [文件加载：46]
[ info ] [ LANG ] /Users/tonytian/project/PHP/OneShop/thinkphp/lang/zh-cn.php
[ info ] [ ROUTE ] array (
  'type' => 'module',
  'module' => 
  array (
    0 => '',
    1 => NULL,
    2 => NULL,
  ),
)
[ info ] [ HEADER ] array (
  'host' => 'test.oneshop.com',
  'connection' => 'keep-alive',
  'user-agent' => 'Mozilla/5.0 (Macintosh; Intel Mac OS X 10_12_6) AppleWebKit/537.36 (KHTML, like Gecko) Chrome/60.0.3112.113 Safari/537.36',
  'accept' => 'image/webp,image/apng,image/*,*/*;q=0.8',
  'referer' => 'http://test.oneshop.com/index.php/admin/goods/index',
  'accept-encoding' => 'gzip, deflate',
  'accept-language' => 'zh-CN,zh;q=0.8',
  'cookie' => 'PHPSESSID=g07h27lasmr6vi4t7ltsrn2al5; Hm_lvt_32e3cb4cf7e5c6772c4dc1f5d496b6af=1506524736; Hm_lpvt_32e3cb4cf7e5c6772c4dc1f5d496b6af=1506525386',
)
[ info ] [ PARAM ] array (
)
[ info ] [ CACHE ] INIT File
[ info ] [ RUN ] osc\index\controller\Index->index[ /Users/tonytian/project/PHP/OneShop/oscshop/index/controller/Index.php ]
[ info ] [ VIEW ] ../oscshop/index/view/index/index.html [ array (
  0 => 'top_nav',
  1 => 'empty',
  2 => 'list',
  3 => 'SEO',
) ]
[ info ] [ SESSION ] INIT array (
  'type' => '',
  'auto_start' => true,
)
[ info ] [ LOG ] INIT File
---------------------------------------------------------------
[ 2017-09-27T23:26:36+08:00 ] 127.0.0.1 127.0.0.1 GET /index.php
[ info ] test.oneshop.com/index.php [运行时间：0.016120s][吞吐率：62.03req/s] [内存消耗：2,465.98kb] [文件加载：46]
[ info ] [ LANG ] /Users/tonytian/project/PHP/OneShop/thinkphp/lang/zh-cn.php
[ info ] [ ROUTE ] array (
  'type' => 'module',
  'module' => 
  array (
    0 => '',
    1 => NULL,
    2 => NULL,
  ),
)
[ info ] [ HEADER ] array (
  'host' => 'test.oneshop.com',
  'connection' => 'keep-alive',
  'upgrade-insecure-requests' => '1',
  'user-agent' => 'Mozilla/5.0 (Macintosh; Intel Mac OS X 10_12_6) AppleWebKit/537.36 (KHTML, like Gecko) Chrome/60.0.3112.113 Safari/537.36',
  'accept' => 'text/html,application/xhtml+xml,application/xml;q=0.9,image/webp,image/apng,*/*;q=0.8',
  'referer' => 'http://test.oneshop.com/index.php/admin/goods/index',
  'accept-encoding' => 'gzip, deflate',
  'accept-language' => 'zh-CN,zh;q=0.8',
  'cookie' => 'PHPSESSID=g07h27lasmr6vi4t7ltsrn2al5; Hm_lvt_32e3cb4cf7e5c6772c4dc1f5d496b6af=1506524736; Hm_lpvt_32e3cb4cf7e5c6772c4dc1f5d496b6af=1506525386',
)
[ info ] [ PARAM ] array (
)
[ info ] [ CACHE ] INIT File
[ info ] [ RUN ] osc\index\controller\Index->index[ /Users/tonytian/project/PHP/OneShop/oscshop/index/controller/Index.php ]
[ info ] [ VIEW ] ../oscshop/index/view/index/index.html [ array (
  0 => 'top_nav',
  1 => 'empty',
  2 => 'list',
  3 => 'SEO',
) ]
[ info ] [ SESSION ] INIT array (
  'type' => '',
  'auto_start' => true,
)
[ info ] [ LOG ] INIT File
---------------------------------------------------------------
[ 2017-09-27T23:26:36+08:00 ] 127.0.0.1 127.0.0.1 GET /
[ info ] test.oneshop.com/ [运行时间：0.021614s][吞吐率：46.27req/s] [内存消耗：2,465.36kb] [文件加载：46]
[ info ] [ LANG ] /Users/tonytian/project/PHP/OneShop/thinkphp/lang/zh-cn.php
[ info ] [ ROUTE ] array (
  'type' => 'module',
  'module' => 
  array (
    0 => '',
    1 => NULL,
    2 => NULL,
  ),
)
[ info ] [ HEADER ] array (
  'host' => 'test.oneshop.com',
  'connection' => 'keep-alive',
  'user-agent' => 'Mozilla/5.0 (Macintosh; Intel Mac OS X 10_12_6) AppleWebKit/537.36 (KHTML, like Gecko) Chrome/60.0.3112.113 Safari/537.36',
  'accept' => 'image/webp,image/apng,image/*,*/*;q=0.8',
  'referer' => 'http://test.oneshop.com/index.php',
  'accept-encoding' => 'gzip, deflate',
  'accept-language' => 'zh-CN,zh;q=0.8',
  'cookie' => 'PHPSESSID=g07h27lasmr6vi4t7ltsrn2al5; Hm_lvt_32e3cb4cf7e5c6772c4dc1f5d496b6af=1506524736; Hm_lpvt_32e3cb4cf7e5c6772c4dc1f5d496b6af=1506525386',
)
[ info ] [ PARAM ] array (
)
[ info ] [ CACHE ] INIT File
[ info ] [ RUN ] osc\index\controller\Index->index[ /Users/tonytian/project/PHP/OneShop/oscshop/index/controller/Index.php ]
[ info ] [ VIEW ] ../oscshop/index/view/index/index.html [ array (
  0 => 'top_nav',
  1 => 'empty',
  2 => 'list',
  3 => 'SEO',
) ]
[ info ] [ SESSION ] INIT array (
  'type' => '',
  'auto_start' => true,
)
[ info ] [ LOG ] INIT File
---------------------------------------------------------------
[ 2017-09-27T23:26:40+08:00 ] 127.0.0.1 127.0.0.1 GET /index.php
[ info ] test.oneshop.com/index.php [运行时间：0.017141s][吞吐率：58.34req/s] [内存消耗：2,466.13kb] [文件加载：46]
[ info ] [ LANG ] /Users/tonytian/project/PHP/OneShop/thinkphp/lang/zh-cn.php
[ info ] [ ROUTE ] array (
  'type' => 'module',
  'module' => 
  array (
    0 => '',
    1 => NULL,
    2 => NULL,
  ),
)
[ info ] [ HEADER ] array (
  'host' => 'test.oneshop.com',
  'connection' => 'keep-alive',
  'cache-control' => 'max-age=0',
  'upgrade-insecure-requests' => '1',
  'user-agent' => 'Mozilla/5.0 (Macintosh; Intel Mac OS X 10_12_6) AppleWebKit/537.36 (KHTML, like Gecko) Chrome/60.0.3112.113 Safari/537.36',
  'accept' => 'text/html,application/xhtml+xml,application/xml;q=0.9,image/webp,image/apng,*/*;q=0.8',
  'referer' => 'http://test.oneshop.com/index.php/admin/goods/index',
  'accept-encoding' => 'gzip, deflate',
  'accept-language' => 'zh-CN,zh;q=0.8',
  'cookie' => 'PHPSESSID=g07h27lasmr6vi4t7ltsrn2al5; Hm_lvt_32e3cb4cf7e5c6772c4dc1f5d496b6af=1506524736; Hm_lpvt_32e3cb4cf7e5c6772c4dc1f5d496b6af=1506525996',
)
[ info ] [ PARAM ] array (
)
[ info ] [ CACHE ] INIT File
[ info ] [ RUN ] osc\index\controller\Index->index[ /Users/tonytian/project/PHP/OneShop/oscshop/index/controller/Index.php ]
[ info ] [ VIEW ] ../oscshop/index/view/index/index.html [ array (
  0 => 'top_nav',
  1 => 'empty',
  2 => 'list',
  3 => 'SEO',
) ]
[ info ] [ SESSION ] INIT array (
  'type' => '',
  'auto_start' => true,
)
[ info ] [ LOG ] INIT File
---------------------------------------------------------------
[ 2017-09-27T23:26:40+08:00 ] 127.0.0.1 127.0.0.1 GET /
[ info ] test.oneshop.com/ [运行时间：0.019982s][吞吐率：50.05req/s] [内存消耗：2,465.36kb] [文件加载：46]
[ info ] [ LANG ] /Users/tonytian/project/PHP/OneShop/thinkphp/lang/zh-cn.php
[ info ] [ ROUTE ] array (
  'type' => 'module',
  'module' => 
  array (
    0 => '',
    1 => NULL,
    2 => NULL,
  ),
)
[ info ] [ HEADER ] array (
  'host' => 'test.oneshop.com',
  'connection' => 'keep-alive',
  'user-agent' => 'Mozilla/5.0 (Macintosh; Intel Mac OS X 10_12_6) AppleWebKit/537.36 (KHTML, like Gecko) Chrome/60.0.3112.113 Safari/537.36',
  'accept' => 'image/webp,image/apng,image/*,*/*;q=0.8',
  'referer' => 'http://test.oneshop.com/index.php',
  'accept-encoding' => 'gzip, deflate',
  'accept-language' => 'zh-CN,zh;q=0.8',
  'cookie' => 'PHPSESSID=g07h27lasmr6vi4t7ltsrn2al5; Hm_lvt_32e3cb4cf7e5c6772c4dc1f5d496b6af=1506524736; Hm_lpvt_32e3cb4cf7e5c6772c4dc1f5d496b6af=1506525996',
)
[ info ] [ PARAM ] array (
)
[ info ] [ CACHE ] INIT File
[ info ] [ RUN ] osc\index\controller\Index->index[ /Users/tonytian/project/PHP/OneShop/oscshop/index/controller/Index.php ]
[ info ] [ VIEW ] ../oscshop/index/view/index/index.html [ array (
  0 => 'top_nav',
  1 => 'empty',
  2 => 'list',
  3 => 'SEO',
) ]
[ info ] [ SESSION ] INIT array (
  'type' => '',
  'auto_start' => true,
)
[ info ] [ LOG ] INIT File
---------------------------------------------------------------
[ 2017-09-27T23:26:58+08:00 ] 127.0.0.1 127.0.0.1 GET /index.php/index
[ info ] test.oneshop.com/index.php/index [运行时间：0.020018s][吞吐率：49.95req/s] [内存消耗：2,465.23kb] [文件加载：46]
[ info ] [ LANG ] /Users/tonytian/project/PHP/OneShop/thinkphp/lang/zh-cn.php
[ info ] [ ROUTE ] array (
  'type' => 'module',
  'module' => 
  array (
    0 => 'index',
    1 => NULL,
    2 => NULL,
  ),
)
[ info ] [ HEADER ] array (
  'host' => 'test.oneshop.com',
  'connection' => 'keep-alive',
  'upgrade-insecure-requests' => '1',
  'user-agent' => 'Mozilla/5.0 (Macintosh; Intel Mac OS X 10_12_6) AppleWebKit/537.36 (KHTML, like Gecko) Chrome/60.0.3112.113 Safari/537.36',
  'accept' => 'text/html,application/xhtml+xml,application/xml;q=0.9,image/webp,image/apng,*/*;q=0.8',
  'accept-encoding' => 'gzip, deflate',
  'accept-language' => 'zh-CN,zh;q=0.8',
  'cookie' => 'PHPSESSID=g07h27lasmr6vi4t7ltsrn2al5; Hm_lvt_32e3cb4cf7e5c6772c4dc1f5d496b6af=1506524736; Hm_lpvt_32e3cb4cf7e5c6772c4dc1f5d496b6af=1506526000',
)
[ info ] [ PARAM ] array (
)
[ info ] [ CACHE ] INIT File
[ info ] [ RUN ] osc\index\controller\Index->index[ /Users/tonytian/project/PHP/OneShop/oscshop/index/controller/Index.php ]
[ info ] [ VIEW ] ../oscshop/index/view/index/index.html [ array (
  0 => 'top_nav',
  1 => 'empty',
  2 => 'list',
  3 => 'SEO',
) ]
[ info ] [ SESSION ] INIT array (
  'type' => '',
  'auto_start' => true,
)
[ info ] [ LOG ] INIT File
---------------------------------------------------------------
[ 2017-09-27T23:26:58+08:00 ] 127.0.0.1 127.0.0.1 GET /
[ info ] test.oneshop.com/ [运行时间：0.015672s][吞吐率：63.81req/s] [内存消耗：2,465.35kb] [文件加载：46]
[ info ] [ LANG ] /Users/tonytian/project/PHP/OneShop/thinkphp/lang/zh-cn.php
[ info ] [ ROUTE ] array (
  'type' => 'module',
  'module' => 
  array (
    0 => '',
    1 => NULL,
    2 => NULL,
  ),
)
[ info ] [ HEADER ] array (
  'host' => 'test.oneshop.com',
  'connection' => 'keep-alive',
  'user-agent' => 'Mozilla/5.0 (Macintosh; Intel Mac OS X 10_12_6) AppleWebKit/537.36 (KHTML, like Gecko) Chrome/60.0.3112.113 Safari/537.36',
  'accept' => 'image/webp,image/apng,image/*,*/*;q=0.8',
  'referer' => 'http://test.oneshop.com/index.php/index',
  'accept-encoding' => 'gzip, deflate',
  'accept-language' => 'zh-CN,zh;q=0.8',
  'cookie' => 'PHPSESSID=g07h27lasmr6vi4t7ltsrn2al5; Hm_lvt_32e3cb4cf7e5c6772c4dc1f5d496b6af=1506524736; Hm_lpvt_32e3cb4cf7e5c6772c4dc1f5d496b6af=1506526000',
)
[ info ] [ PARAM ] array (
)
[ info ] [ CACHE ] INIT File
[ info ] [ RUN ] osc\index\controller\Index->index[ /Users/tonytian/project/PHP/OneShop/oscshop/index/controller/Index.php ]
[ info ] [ VIEW ] ../oscshop/index/view/index/index.html [ array (
  0 => 'top_nav',
  1 => 'empty',
  2 => 'list',
  3 => 'SEO',
) ]
[ info ] [ SESSION ] INIT array (
  'type' => '',
  'auto_start' => true,
)
[ info ] [ LOG ] INIT File
---------------------------------------------------------------
[ 2017-09-27T23:27:10+08:00 ] 127.0.0.1 127.0.0.1 GET /index.php/admin/goods/index?page=2
[ info ] test.oneshop.com/index.php/admin/goods/index?page=2 [运行时间：0.034442s][吞吐率：29.03req/s] [内存消耗：3,722.45kb] [文件加载：56]
[ info ] [ LANG ] /Users/tonytian/project/PHP/OneShop/thinkphp/lang/zh-cn.php
[ info ] [ ROUTE ] array (
  'type' => 'module',
  'module' => 
  array (
    0 => 'admin',
    1 => 'goods',
    2 => 'index',
  ),
)
[ info ] [ HEADER ] array (
  'host' => 'test.oneshop.com',
  'connection' => 'keep-alive',
  'upgrade-insecure-requests' => '1',
  'user-agent' => 'Mozilla/5.0 (Macintosh; Intel Mac OS X 10_12_6) AppleWebKit/537.36 (KHTML, like Gecko) Chrome/60.0.3112.113 Safari/537.36',
  'accept' => 'text/html,application/xhtml+xml,application/xml;q=0.9,image/webp,image/apng,*/*;q=0.8',
  'referer' => 'http://test.oneshop.com/index.php/admin/goods/index',
  'accept-encoding' => 'gzip, deflate',
  'accept-language' => 'zh-CN,zh;q=0.8',
  'cookie' => 'PHPSESSID=g07h27lasmr6vi4t7ltsrn2al5; Hm_lvt_32e3cb4cf7e5c6772c4dc1f5d496b6af=1506524736; Hm_lpvt_32e3cb4cf7e5c6772c4dc1f5d496b6af=1506526019',
)
[ info ] [ PARAM ] array (
  'page' => '2',
)
[ info ] [ CACHE ] INIT File
[ info ] [ SESSION ] INIT array (
  'type' => '',
  'auto_start' => true,
)
[ info ] [ DB ] INIT mysql
[ info ] [ RUN ] osc\admin\controller\Goods->index[ /Users/tonytian/project/PHP/OneShop/oscshop/admin/controller/Goods.php ]
[ info ] [ VIEW ] ../oscshop/admin/view/goods/index.html [ array (
  0 => 'admin_menu',
  1 => 'breadcrumb1',
  2 => 'breadcrumb2',
  3 => 'empty',
  4 => 'category',
  5 => 'list',
) ]
[ info ] [ LOG ] INIT File
---------------------------------------------------------------
[ 2017-09-27T23:27:10+08:00 ] 127.0.0.1 127.0.0.1 GET /
[ info ] test.oneshop.com/ [运行时间：0.018219s][吞吐率：54.89req/s] [内存消耗：2,465.46kb] [文件加载：46]
[ info ] [ LANG ] /Users/tonytian/project/PHP/OneShop/thinkphp/lang/zh-cn.php
[ info ] [ ROUTE ] array (
  'type' => 'module',
  'module' => 
  array (
    0 => '',
    1 => NULL,
    2 => NULL,
  ),
)
[ info ] [ HEADER ] array (
  'host' => 'test.oneshop.com',
  'connection' => 'keep-alive',
  'user-agent' => 'Mozilla/5.0 (Macintosh; Intel Mac OS X 10_12_6) AppleWebKit/537.36 (KHTML, like Gecko) Chrome/60.0.3112.113 Safari/537.36',
  'accept' => 'image/webp,image/apng,image/*,*/*;q=0.8',
  'referer' => 'http://test.oneshop.com/index.php/admin/goods/index?page=2',
  'accept-encoding' => 'gzip, deflate',
  'accept-language' => 'zh-CN,zh;q=0.8',
  'cookie' => 'PHPSESSID=g07h27lasmr6vi4t7ltsrn2al5; Hm_lvt_32e3cb4cf7e5c6772c4dc1f5d496b6af=1506524736; Hm_lpvt_32e3cb4cf7e5c6772c4dc1f5d496b6af=1506526019',
)
[ info ] [ PARAM ] array (
)
[ info ] [ CACHE ] INIT File
[ info ] [ RUN ] osc\index\controller\Index->index[ /Users/tonytian/project/PHP/OneShop/oscshop/index/controller/Index.php ]
[ info ] [ VIEW ] ../oscshop/index/view/index/index.html [ array (
  0 => 'top_nav',
  1 => 'empty',
  2 => 'list',
  3 => 'SEO',
) ]
[ info ] [ SESSION ] INIT array (
  'type' => '',
  'auto_start' => true,
)
[ info ] [ LOG ] INIT File
---------------------------------------------------------------
[ 2017-09-27T23:27:10+08:00 ] 127.0.0.1 127.0.0.1 GET /
[ info ] test.oneshop.com/ [运行时间：0.016238s][吞吐率：61.58req/s] [内存消耗：2,465.46kb] [文件加载：46]
[ info ] [ LANG ] /Users/tonytian/project/PHP/OneShop/thinkphp/lang/zh-cn.php
[ info ] [ ROUTE ] array (
  'type' => 'module',
  'module' => 
  array (
    0 => '',
    1 => NULL,
    2 => NULL,
  ),
)
[ info ] [ HEADER ] array (
  'host' => 'test.oneshop.com',
  'connection' => 'keep-alive',
  'user-agent' => 'Mozilla/5.0 (Macintosh; Intel Mac OS X 10_12_6) AppleWebKit/537.36 (KHTML, like Gecko) Chrome/60.0.3112.113 Safari/537.36',
  'accept' => 'image/webp,image/apng,image/*,*/*;q=0.8',
  'referer' => 'http://test.oneshop.com/index.php/admin/goods/index?page=2',
  'accept-encoding' => 'gzip, deflate',
  'accept-language' => 'zh-CN,zh;q=0.8',
  'cookie' => 'PHPSESSID=g07h27lasmr6vi4t7ltsrn2al5; Hm_lvt_32e3cb4cf7e5c6772c4dc1f5d496b6af=1506524736; Hm_lpvt_32e3cb4cf7e5c6772c4dc1f5d496b6af=1506526019',
)
[ info ] [ PARAM ] array (
)
[ info ] [ CACHE ] INIT File
[ info ] [ RUN ] osc\index\controller\Index->index[ /Users/tonytian/project/PHP/OneShop/oscshop/index/controller/Index.php ]
[ info ] [ VIEW ] ../oscshop/index/view/index/index.html [ array (
  0 => 'top_nav',
  1 => 'empty',
  2 => 'list',
  3 => 'SEO',
) ]
[ info ] [ SESSION ] INIT array (
  'type' => '',
  'auto_start' => true,
)
[ info ] [ LOG ] INIT File
---------------------------------------------------------------
[ 2017-09-27T23:27:15+08:00 ] 127.0.0.1 127.0.0.1 GET /index.php/admin/module/index
[ info ] test.oneshop.com/index.php/admin/module/index [运行时间：0.035759s][吞吐率：27.97req/s] [内存消耗：3,723.63kb] [文件加载：58]
[ info ] [ LANG ] /Users/tonytian/project/PHP/OneShop/thinkphp/lang/zh-cn.php
[ info ] [ ROUTE ] array (
  'type' => 'module',
  'module' => 
  array (
    0 => 'admin',
    1 => 'module',
    2 => 'index',
  ),
)
[ info ] [ HEADER ] array (
  'host' => 'test.oneshop.com',
  'connection' => 'keep-alive',
  'upgrade-insecure-requests' => '1',
  'user-agent' => 'Mozilla/5.0 (Macintosh; Intel Mac OS X 10_12_6) AppleWebKit/537.36 (KHTML, like Gecko) Chrome/60.0.3112.113 Safari/537.36',
  'accept' => 'text/html,application/xhtml+xml,application/xml;q=0.9,image/webp,image/apng,*/*;q=0.8',
  'referer' => 'http://test.oneshop.com/index.php/admin/goods/index?page=2',
  'accept-encoding' => 'gzip, deflate',
  'accept-language' => 'zh-CN,zh;q=0.8',
  'cookie' => 'PHPSESSID=g07h27lasmr6vi4t7ltsrn2al5; Hm_lvt_32e3cb4cf7e5c6772c4dc1f5d496b6af=1506524736; Hm_lpvt_32e3cb4cf7e5c6772c4dc1f5d496b6af=1506526019',
)
[ info ] [ PARAM ] array (
)
[ info ] [ CACHE ] INIT File
[ info ] [ SESSION ] INIT array (
  'type' => '',
  'auto_start' => true,
)
[ info ] [ DB ] INIT mysql
[ info ] [ RUN ] osc\admin\controller\Module->index[ /Users/tonytian/project/PHP/OneShop/oscshop/admin/controller/Module.php ]
[ info ] [ VIEW ] ../oscshop/admin/view/module/index.html [ array (
  0 => 'admin_menu',
  1 => 'list',
  2 => 'breadcrumb1',
  3 => 'breadcrumb2',
) ]
[ info ] [ LOG ] INIT File
---------------------------------------------------------------
[ 2017-09-27T23:27:25+08:00 ] 127.0.0.1 127.0.0.1 GET /index.php
[ info ] test.oneshop.com/index.php [运行时间：0.035392s][吞吐率：28.25req/s] [内存消耗：3,475.30kb] [文件加载：52]
[ info ] [ LANG ] /Users/tonytian/project/PHP/OneShop/thinkphp/lang/zh-cn.php
[ info ] [ ROUTE ] array (
  'type' => 'module',
  'module' => 
  array (
    0 => '',
    1 => NULL,
    2 => NULL,
  ),
)
[ info ] [ HEADER ] array (
  'host' => 'test.oneshop.com',
  'connection' => 'keep-alive',
  'upgrade-insecure-requests' => '1',
  'user-agent' => 'Mozilla/5.0 (Macintosh; Intel Mac OS X 10_12_6) AppleWebKit/537.36 (KHTML, like Gecko) Chrome/60.0.3112.113 Safari/537.36',
  'accept' => 'text/html,application/xhtml+xml,application/xml;q=0.9,image/webp,image/apng,*/*;q=0.8',
  'referer' => 'http://test.oneshop.com/index.php/admin/module/index',
  'accept-encoding' => 'gzip, deflate',
  'accept-language' => 'zh-CN,zh;q=0.8',
  'cookie' => 'PHPSESSID=g07h27lasmr6vi4t7ltsrn2al5; Hm_lvt_32e3cb4cf7e5c6772c4dc1f5d496b6af=1506524736; Hm_lpvt_32e3cb4cf7e5c6772c4dc1f5d496b6af=1506526019',
)
[ info ] [ PARAM ] array (
)
[ info ] [ CACHE ] INIT File
[ info ] [ DB ] INIT mysql
[ info ] [ RUN ] osc\index\controller\Index->index[ /Users/tonytian/project/PHP/OneShop/oscshop/index/controller/Index.php ]
[ info ] [ VIEW ] ../oscshop/index/view/index/index.html [ array (
  0 => 'top_nav',
  1 => 'empty',
  2 => 'list',
  3 => 'SEO',
) ]
[ info ] [ SESSION ] INIT array (
  'type' => '',
  'auto_start' => true,
)
[ info ] [ LOG ] INIT File
---------------------------------------------------------------
[ 2017-09-27T23:27:25+08:00 ] 127.0.0.1 127.0.0.1 GET /
[ info ] test.oneshop.com/ [运行时间：0.019026s][吞吐率：52.56req/s] [内存消耗：2,465.36kb] [文件加载：46]
[ info ] [ LANG ] /Users/tonytian/project/PHP/OneShop/thinkphp/lang/zh-cn.php
[ info ] [ ROUTE ] array (
  'type' => 'module',
  'module' => 
  array (
    0 => '',
    1 => NULL,
    2 => NULL,
  ),
)
[ info ] [ HEADER ] array (
  'host' => 'test.oneshop.com',
  'connection' => 'keep-alive',
  'user-agent' => 'Mozilla/5.0 (Macintosh; Intel Mac OS X 10_12_6) AppleWebKit/537.36 (KHTML, like Gecko) Chrome/60.0.3112.113 Safari/537.36',
  'accept' => 'image/webp,image/apng,image/*,*/*;q=0.8',
  'referer' => 'http://test.oneshop.com/index.php',
  'accept-encoding' => 'gzip, deflate',
  'accept-language' => 'zh-CN,zh;q=0.8',
  'cookie' => 'PHPSESSID=g07h27lasmr6vi4t7ltsrn2al5; Hm_lvt_32e3cb4cf7e5c6772c4dc1f5d496b6af=1506524736; Hm_lpvt_32e3cb4cf7e5c6772c4dc1f5d496b6af=1506526019',
)
[ info ] [ PARAM ] array (
)
[ info ] [ CACHE ] INIT File
[ info ] [ RUN ] osc\index\controller\Index->index[ /Users/tonytian/project/PHP/OneShop/oscshop/index/controller/Index.php ]
[ info ] [ VIEW ] ../oscshop/index/view/index/index.html [ array (
  0 => 'top_nav',
  1 => 'empty',
  2 => 'list',
  3 => 'SEO',
) ]
[ info ] [ SESSION ] INIT array (
  'type' => '',
  'auto_start' => true,
)
[ info ] [ LOG ] INIT File
---------------------------------------------------------------
[ 2017-09-27T23:27:32+08:00 ] 127.0.0.1 127.0.0.1 GET /index.php/admin/goods/index
[ info ] test.oneshop.com/index.php/admin/goods/index [运行时间：0.031714s][吞吐率：31.53req/s] [内存消耗：3,778.94kb] [文件加载：56]
[ info ] [ LANG ] /Users/tonytian/project/PHP/OneShop/thinkphp/lang/zh-cn.php
[ info ] [ ROUTE ] array (
  'type' => 'module',
  'module' => 
  array (
    0 => 'admin',
    1 => 'goods',
    2 => 'index',
  ),
)
[ info ] [ HEADER ] array (
  'host' => 'test.oneshop.com',
  'connection' => 'keep-alive',
  'upgrade-insecure-requests' => '1',
  'user-agent' => 'Mozilla/5.0 (Macintosh; Intel Mac OS X 10_12_6) AppleWebKit/537.36 (KHTML, like Gecko) Chrome/60.0.3112.113 Safari/537.36',
  'accept' => 'text/html,application/xhtml+xml,application/xml;q=0.9,image/webp,image/apng,*/*;q=0.8',
  'referer' => 'http://test.oneshop.com/index.php/admin/module/index',
  'accept-encoding' => 'gzip, deflate',
  'accept-language' => 'zh-CN,zh;q=0.8',
  'cookie' => 'PHPSESSID=g07h27lasmr6vi4t7ltsrn2al5; Hm_lvt_32e3cb4cf7e5c6772c4dc1f5d496b6af=1506524736; Hm_lpvt_32e3cb4cf7e5c6772c4dc1f5d496b6af=1506526046',
)
[ info ] [ PARAM ] array (
)
[ info ] [ CACHE ] INIT File
[ info ] [ SESSION ] INIT array (
  'type' => '',
  'auto_start' => true,
)
[ info ] [ DB ] INIT mysql
[ info ] [ RUN ] osc\admin\controller\Goods->index[ /Users/tonytian/project/PHP/OneShop/oscshop/admin/controller/Goods.php ]
[ info ] [ VIEW ] ../oscshop/admin/view/goods/index.html [ array (
  0 => 'admin_menu',
  1 => 'breadcrumb1',
  2 => 'breadcrumb2',
  3 => 'empty',
  4 => 'category',
  5 => 'list',
) ]
[ info ] [ LOG ] INIT File
---------------------------------------------------------------
[ 2017-09-27T23:27:32+08:00 ] 127.0.0.1 127.0.0.1 GET /
[ info ] test.oneshop.com/ [运行时间：0.016522s][吞吐率：60.53req/s] [内存消耗：2,465.41kb] [文件加载：46]
[ info ] [ LANG ] /Users/tonytian/project/PHP/OneShop/thinkphp/lang/zh-cn.php
[ info ] [ ROUTE ] array (
  'type' => 'module',
  'module' => 
  array (
    0 => '',
    1 => NULL,
    2 => NULL,
  ),
)
[ info ] [ HEADER ] array (
  'host' => 'test.oneshop.com',
  'connection' => 'keep-alive',
  'user-agent' => 'Mozilla/5.0 (Macintosh; Intel Mac OS X 10_12_6) AppleWebKit/537.36 (KHTML, like Gecko) Chrome/60.0.3112.113 Safari/537.36',
  'accept' => 'image/webp,image/apng,image/*,*/*;q=0.8',
  'referer' => 'http://test.oneshop.com/index.php/admin/goods/index',
  'accept-encoding' => 'gzip, deflate',
  'accept-language' => 'zh-CN,zh;q=0.8',
  'cookie' => 'PHPSESSID=g07h27lasmr6vi4t7ltsrn2al5; Hm_lvt_32e3cb4cf7e5c6772c4dc1f5d496b6af=1506524736; Hm_lpvt_32e3cb4cf7e5c6772c4dc1f5d496b6af=1506526046',
)
[ info ] [ PARAM ] array (
)
[ info ] [ CACHE ] INIT File
[ info ] [ RUN ] osc\index\controller\Index->index[ /Users/tonytian/project/PHP/OneShop/oscshop/index/controller/Index.php ]
[ info ] [ VIEW ] ../oscshop/index/view/index/index.html [ array (
  0 => 'top_nav',
  1 => 'empty',
  2 => 'list',
  3 => 'SEO',
) ]
[ info ] [ SESSION ] INIT array (
  'type' => '',
  'auto_start' => true,
)
[ info ] [ LOG ] INIT File
---------------------------------------------------------------
[ 2017-09-27T23:27:32+08:00 ] 127.0.0.1 127.0.0.1 GET /
[ info ] test.oneshop.com/ [运行时间：0.016713s][吞吐率：59.83req/s] [内存消耗：2,465.41kb] [文件加载：46]
[ info ] [ LANG ] /Users/tonytian/project/PHP/OneShop/thinkphp/lang/zh-cn.php
[ info ] [ ROUTE ] array (
  'type' => 'module',
  'module' => 
  array (
    0 => '',
    1 => NULL,
    2 => NULL,
  ),
)
[ info ] [ HEADER ] array (
  'host' => 'test.oneshop.com',
  'connection' => 'keep-alive',
  'user-agent' => 'Mozilla/5.0 (Macintosh; Intel Mac OS X 10_12_6) AppleWebKit/537.36 (KHTML, like Gecko) Chrome/60.0.3112.113 Safari/537.36',
  'accept' => 'image/webp,image/apng,image/*,*/*;q=0.8',
  'referer' => 'http://test.oneshop.com/index.php/admin/goods/index',
  'accept-encoding' => 'gzip, deflate',
  'accept-language' => 'zh-CN,zh;q=0.8',
  'cookie' => 'PHPSESSID=g07h27lasmr6vi4t7ltsrn2al5; Hm_lvt_32e3cb4cf7e5c6772c4dc1f5d496b6af=1506524736; Hm_lpvt_32e3cb4cf7e5c6772c4dc1f5d496b6af=1506526046',
)
[ info ] [ PARAM ] array (
)
[ info ] [ CACHE ] INIT File
[ info ] [ RUN ] osc\index\controller\Index->index[ /Users/tonytian/project/PHP/OneShop/oscshop/index/controller/Index.php ]
[ info ] [ VIEW ] ../oscshop/index/view/index/index.html [ array (
  0 => 'top_nav',
  1 => 'empty',
  2 => 'list',
  3 => 'SEO',
) ]
[ info ] [ SESSION ] INIT array (
  'type' => '',
  'auto_start' => true,
)
[ info ] [ LOG ] INIT File
