---------------------------------------------------------------
[ 2017-10-02T16:30:28+08:00 ] 127.0.0.1 127.0.0.1 GET /OneShop/public/
[ info ] localhost:8080/OneShop/public/ [运行时间：0.039013s][吞吐率：25.63req/s] [内存消耗：2,447.66kb] [文件加载：46]
[ info ] [ LANG ] /Users/tonytian/project/PHP/OneShop/thinkphp/lang/zh-cn.php
[ info ] [ ROUTE ] array (
  'type' => 'module',
  'module' => 
  array (
    0 => '',
    1 => NULL,
    2 => NULL,
  ),
)
[ info ] [ HEADER ] array (
  'host' => 'localhost:8080',
  'connection' => 'keep-alive',
  'user-agent' => 'Mozilla/5.0 (Macintosh; Intel Mac OS X 10_12_6) AppleWebKit/537.36 (KHTML, like Gecko) Chrome/61.0.3163.100 Safari/537.36',
  'upgrade-insecure-requests' => '1',
  'accept' => 'text/html,application/xhtml+xml,application/xml;q=0.9,image/webp,image/apng,*/*;q=0.8',
  'accept-encoding' => 'gzip, deflate, br',
  'accept-language' => 'zh-CN,zh;q=0.8',
  'cookie' => 'Hm_lvt_32e3cb4cf7e5c6772c4dc1f5d496b6af=1506522953',
  'content-type' => '',
  'content-length' => '',
)
[ info ] [ PARAM ] array (
)
[ info ] [ CACHE ] INIT File
[ info ] [ RUN ] osc\index\controller\Index->index[ /Users/tonytian/project/PHP/OneShop/oscshop/index/controller/Index.php ]
[ info ] [ VIEW ] ../oscshop/index/view/index/index.html [ array (
  0 => 'top_nav',
  1 => 'empty',
  2 => 'list',
  3 => 'SEO',
) ]
[ info ] [ SESSION ] INIT array (
  'type' => '',
  'auto_start' => true,
)
[ info ] [ LOG ] INIT File
---------------------------------------------------------------
[ 2017-10-02T16:33:15+08:00 ] 127.0.0.1 127.0.0.1 GET /OneShop/public/index.php
[ info ] localhost:8080/OneShop/public/index.php [运行时间：0.020962s][吞吐率：47.71req/s] [内存消耗：2,447.68kb] [文件加载：46]
[ info ] [ LANG ] /Users/tonytian/project/PHP/OneShop/thinkphp/lang/zh-cn.php
[ info ] [ ROUTE ] array (
  'type' => 'module',
  'module' => 
  array (
    0 => '',
    1 => NULL,
    2 => NULL,
  ),
)
[ info ] [ HEADER ] array (
  'host' => 'localhost:8080',
  'connection' => 'keep-alive',
  'user-agent' => 'Mozilla/5.0 (Macintosh; Intel Mac OS X 10_12_6) AppleWebKit/537.36 (KHTML, like Gecko) Chrome/61.0.3163.100 Safari/537.36',
  'upgrade-insecure-requests' => '1',
  'accept' => 'text/html,application/xhtml+xml,application/xml;q=0.9,image/webp,image/apng,*/*;q=0.8',
  'accept-encoding' => 'gzip, deflate, br',
  'accept-language' => 'zh-CN,zh;q=0.8',
  'cookie' => 'PHPSESSID=bs6p3qr336i4jmru6p167q8of2; Hm_lvt_32e3cb4cf7e5c6772c4dc1f5d496b6af=1506522953,1506933029; Hm_lpvt_32e3cb4cf7e5c6772c4dc1f5d496b6af=1506933029',
  'content-type' => '',
  'content-length' => '',
)
[ info ] [ PARAM ] array (
)
[ info ] [ CACHE ] INIT File
[ info ] [ RUN ] osc\index\controller\Index->index[ /Users/tonytian/project/PHP/OneShop/oscshop/index/controller/Index.php ]
[ info ] [ VIEW ] ../oscshop/index/view/index/index.html [ array (
  0 => 'top_nav',
  1 => 'empty',
  2 => 'list',
  3 => 'SEO',
) ]
[ info ] [ SESSION ] INIT array (
  'type' => '',
  'auto_start' => true,
)
[ info ] [ LOG ] INIT File
---------------------------------------------------------------
[ 2017-10-02T16:33:23+08:00 ] 127.0.0.1 127.0.0.1 GET /OneShop/public/?/admimn
[ info ] localhost:8080/OneShop/public/?/admimn [运行时间：0.017679s][吞吐率：56.56req/s] [内存消耗：2,448.11kb] [文件加载：46]
[ info ] [ LANG ] /Users/tonytian/project/PHP/OneShop/thinkphp/lang/zh-cn.php
[ info ] [ ROUTE ] array (
  'type' => 'module',
  'module' => 
  array (
    0 => '',
    1 => NULL,
    2 => NULL,
  ),
)
[ info ] [ HEADER ] array (
  'host' => 'localhost:8080',
  'connection' => 'keep-alive',
  'user-agent' => 'Mozilla/5.0 (Macintosh; Intel Mac OS X 10_12_6) AppleWebKit/537.36 (KHTML, like Gecko) Chrome/61.0.3163.100 Safari/537.36',
  'upgrade-insecure-requests' => '1',
  'accept' => 'text/html,application/xhtml+xml,application/xml;q=0.9,image/webp,image/apng,*/*;q=0.8',
  'accept-encoding' => 'gzip, deflate, br',
  'accept-language' => 'zh-CN,zh;q=0.8',
  'cookie' => 'PHPSESSID=bs6p3qr336i4jmru6p167q8of2; Hm_lvt_32e3cb4cf7e5c6772c4dc1f5d496b6af=1506522953,1506933029; Hm_lpvt_32e3cb4cf7e5c6772c4dc1f5d496b6af=1506933196',
  'content-type' => '',
  'content-length' => '',
)
[ info ] [ PARAM ] array (
  '/admimn' => '',
)
[ info ] [ CACHE ] INIT File
[ info ] [ RUN ] osc\index\controller\Index->index[ /Users/tonytian/project/PHP/OneShop/oscshop/index/controller/Index.php ]
[ info ] [ VIEW ] ../oscshop/index/view/index/index.html [ array (
  0 => 'top_nav',
  1 => 'empty',
  2 => 'list',
  3 => 'SEO',
) ]
[ info ] [ SESSION ] INIT array (
  'type' => '',
  'auto_start' => true,
)
[ info ] [ LOG ] INIT File
---------------------------------------------------------------
[ 2017-10-02T16:33:27+08:00 ] 127.0.0.1 127.0.0.1 GET /OneShop/public/?/admin
[ info ] localhost:8080/OneShop/public/?/admin [运行时间：0.016904s][吞吐率：59.16req/s] [内存消耗：2,448.22kb] [文件加载：46]
[ info ] [ LANG ] /Users/tonytian/project/PHP/OneShop/thinkphp/lang/zh-cn.php
[ info ] [ ROUTE ] array (
  'type' => 'module',
  'module' => 
  array (
    0 => '',
    1 => NULL,
    2 => NULL,
  ),
)
[ info ] [ HEADER ] array (
  'host' => 'localhost:8080',
  'connection' => 'keep-alive',
  'user-agent' => 'Mozilla/5.0 (Macintosh; Intel Mac OS X 10_12_6) AppleWebKit/537.36 (KHTML, like Gecko) Chrome/61.0.3163.100 Safari/537.36',
  'upgrade-insecure-requests' => '1',
  'accept' => 'text/html,application/xhtml+xml,application/xml;q=0.9,image/webp,image/apng,*/*;q=0.8',
  'accept-encoding' => 'gzip, deflate, br',
  'accept-language' => 'zh-CN,zh;q=0.8',
  'cookie' => 'PHPSESSID=bs6p3qr336i4jmru6p167q8of2; Hm_lvt_32e3cb4cf7e5c6772c4dc1f5d496b6af=1506522953,1506933029; Hm_lpvt_32e3cb4cf7e5c6772c4dc1f5d496b6af=1506933204',
  'content-type' => '',
  'content-length' => '',
)
[ info ] [ PARAM ] array (
  '/admin' => '',
)
[ info ] [ CACHE ] INIT File
[ info ] [ RUN ] osc\index\controller\Index->index[ /Users/tonytian/project/PHP/OneShop/oscshop/index/controller/Index.php ]
[ info ] [ VIEW ] ../oscshop/index/view/index/index.html [ array (
  0 => 'top_nav',
  1 => 'empty',
  2 => 'list',
  3 => 'SEO',
) ]
[ info ] [ SESSION ] INIT array (
  'type' => '',
  'auto_start' => true,
)
[ info ] [ LOG ] INIT File
---------------------------------------------------------------
[ 2017-10-02T16:33:40+08:00 ] 127.0.0.1 127.0.0.1 GET /index.php/admin/Login/login
[ info ] test.oneshop.com/index.php/admin/Login/login [运行时间：0.026292s][吞吐率：38.03req/s] [内存消耗：2,481.10kb] [文件加载：46]
[ info ] [ LANG ] /Users/tonytian/project/PHP/OneShop/thinkphp/lang/zh-cn.php
[ info ] [ ROUTE ] array (
  'type' => 'module',
  'module' => 
  array (
    0 => 'admin',
    1 => 'Login',
    2 => 'login',
  ),
)
[ info ] [ HEADER ] array (
  'host' => 'test.oneshop.com',
  'connection' => 'keep-alive',
  'user-agent' => 'Mozilla/5.0 (Macintosh; Intel Mac OS X 10_12_6) AppleWebKit/537.36 (KHTML, like Gecko) Chrome/61.0.3163.100 Safari/537.36',
  'upgrade-insecure-requests' => '1',
  'accept' => 'text/html,application/xhtml+xml,application/xml;q=0.9,image/webp,image/apng,*/*;q=0.8',
  'accept-encoding' => 'gzip, deflate',
  'accept-language' => 'zh-CN,zh;q=0.8',
  'cookie' => 'Hm_lvt_32e3cb4cf7e5c6772c4dc1f5d496b6af=1506524736',
)
[ info ] [ PARAM ] array (
)
[ info ] [ CACHE ] INIT File
[ info ] [ RUN ] osc\admin\controller\Login->login[ /Users/tonytian/project/PHP/OneShop/oscshop/admin/controller/Login.php ]
[ info ] [ SESSION ] INIT array (
  'type' => '',
  'auto_start' => true,
)
[ info ] [ VIEW ] ../oscshop/admin/view/public/login.html [ array (
) ]
[ info ] [ LOG ] INIT File
---------------------------------------------------------------
[ 2017-10-02T16:33:55+08:00 ] 127.0.0.1 127.0.0.1 GET /index.php
[ info ] test.oneshop.com/index.php [运行时间：0.022138s][吞吐率：45.17req/s] [内存消耗：2,464.31kb] [文件加载：46]
[ info ] [ LANG ] /Users/tonytian/project/PHP/OneShop/thinkphp/lang/zh-cn.php
[ info ] [ ROUTE ] array (
  'type' => 'module',
  'module' => 
  array (
    0 => '',
    1 => NULL,
    2 => NULL,
  ),
)
[ info ] [ HEADER ] array (
  'host' => 'test.oneshop.com',
  'connection' => 'keep-alive',
  'user-agent' => 'Mozilla/5.0 (Macintosh; Intel Mac OS X 10_12_6) AppleWebKit/537.36 (KHTML, like Gecko) Chrome/61.0.3163.100 Safari/537.36',
  'upgrade-insecure-requests' => '1',
  'accept' => 'text/html,application/xhtml+xml,application/xml;q=0.9,image/webp,image/apng,*/*;q=0.8',
  'accept-encoding' => 'gzip, deflate',
  'accept-language' => 'zh-CN,zh;q=0.8',
  'cookie' => 'Hm_lvt_32e3cb4cf7e5c6772c4dc1f5d496b6af=1506524736; PHPSESSID=8ogh9avdj1ulg7jde6fk72ns32',
)
[ info ] [ PARAM ] array (
)
[ info ] [ CACHE ] INIT File
[ info ] [ RUN ] osc\index\controller\Index->index[ /Users/tonytian/project/PHP/OneShop/oscshop/index/controller/Index.php ]
[ info ] [ VIEW ] ../oscshop/index/view/index/index.html [ array (
  0 => 'top_nav',
  1 => 'empty',
  2 => 'list',
  3 => 'SEO',
) ]
[ info ] [ SESSION ] INIT array (
  'type' => '',
  'auto_start' => true,
)
[ info ] [ LOG ] INIT File
---------------------------------------------------------------
[ 2017-10-02T16:33:55+08:00 ] 127.0.0.1 127.0.0.1 GET /
[ info ] test.oneshop.com/ [运行时间：0.023144s][吞吐率：43.21req/s] [内存消耗：2,464.22kb] [文件加载：46]
[ info ] [ LANG ] /Users/tonytian/project/PHP/OneShop/thinkphp/lang/zh-cn.php
[ info ] [ ROUTE ] array (
  'type' => 'module',
  'module' => 
  array (
    0 => '',
    1 => NULL,
    2 => NULL,
  ),
)
[ info ] [ HEADER ] array (
  'host' => 'test.oneshop.com',
  'connection' => 'keep-alive',
  'user-agent' => 'Mozilla/5.0 (Macintosh; Intel Mac OS X 10_12_6) AppleWebKit/537.36 (KHTML, like Gecko) Chrome/61.0.3163.100 Safari/537.36',
  'accept' => 'image/webp,image/apng,image/*,*/*;q=0.8',
  'referer' => 'http://test.oneshop.com/index.php',
  'accept-encoding' => 'gzip, deflate',
  'accept-language' => 'zh-CN,zh;q=0.8',
  'cookie' => 'Hm_lvt_32e3cb4cf7e5c6772c4dc1f5d496b6af=1506524736; PHPSESSID=8ogh9avdj1ulg7jde6fk72ns32',
)
[ info ] [ PARAM ] array (
)
[ info ] [ CACHE ] INIT File
[ info ] [ RUN ] osc\index\controller\Index->index[ /Users/tonytian/project/PHP/OneShop/oscshop/index/controller/Index.php ]
[ info ] [ VIEW ] ../oscshop/index/view/index/index.html [ array (
  0 => 'top_nav',
  1 => 'empty',
  2 => 'list',
  3 => 'SEO',
) ]
[ info ] [ SESSION ] INIT array (
  'type' => '',
  'auto_start' => true,
)
[ info ] [ LOG ] INIT File
---------------------------------------------------------------
[ 2017-10-02T16:37:09+08:00 ] 127.0.0.1 127.0.0.1 GET /OneShop/public/index.php
[ info ] localhost:8080/OneShop/public/index.php [运行时间：0.016911s][吞吐率：59.13req/s] [内存消耗：2,447.70kb] [文件加载：46]
[ info ] [ LANG ] /Users/tonytian/project/PHP/OneShop/thinkphp/lang/zh-cn.php
[ info ] [ ROUTE ] array (
  'type' => 'module',
  'module' => 
  array (
    0 => '',
    1 => NULL,
    2 => NULL,
  ),
)
[ info ] [ HEADER ] array (
  'host' => 'localhost:8080',
  'connection' => 'keep-alive',
  'user-agent' => 'Mozilla/5.0 (Macintosh; Intel Mac OS X 10_12_6) AppleWebKit/537.36 (KHTML, like Gecko) Chrome/61.0.3163.100 Safari/537.36',
  'upgrade-insecure-requests' => '1',
  'accept' => 'text/html,application/xhtml+xml,application/xml;q=0.9,image/webp,image/apng,*/*;q=0.8',
  'accept-encoding' => 'gzip, deflate, br',
  'accept-language' => 'zh-CN,zh;q=0.8',
  'cookie' => 'PHPSESSID=bs6p3qr336i4jmru6p167q8of2; Hm_lvt_32e3cb4cf7e5c6772c4dc1f5d496b6af=1506522953,1506933029; Hm_lpvt_32e3cb4cf7e5c6772c4dc1f5d496b6af=1506933207',
  'content-type' => '',
  'content-length' => '',
)
[ info ] [ PARAM ] array (
)
[ info ] [ CACHE ] INIT File
[ info ] [ RUN ] osc\index\controller\Index->index[ /Users/tonytian/project/PHP/OneShop/oscshop/index/controller/Index.php ]
[ info ] [ VIEW ] ../oscshop/index/view/index/index.html [ array (
  0 => 'top_nav',
  1 => 'empty',
  2 => 'list',
  3 => 'SEO',
) ]
[ info ] [ SESSION ] INIT array (
  'type' => '',
  'auto_start' => true,
)
[ info ] [ LOG ] INIT File
---------------------------------------------------------------
[ 2017-10-02T16:37:11+08:00 ] 127.0.0.1 127.0.0.1 GET /OneShop/public/index.php
[ info ] localhost:8080/OneShop/public/index.php [运行时间：0.017177s][吞吐率：58.22req/s] [内存消耗：2,448.04kb] [文件加载：46]
[ info ] [ LANG ] /Users/tonytian/project/PHP/OneShop/thinkphp/lang/zh-cn.php
[ info ] [ ROUTE ] array (
  'type' => 'module',
  'module' => 
  array (
    0 => '',
    1 => NULL,
    2 => NULL,
  ),
)
[ info ] [ HEADER ] array (
  'host' => 'localhost:8080',
  'connection' => 'keep-alive',
  'cache-control' => 'max-age=0',
  'user-agent' => 'Mozilla/5.0 (Macintosh; Intel Mac OS X 10_12_6) AppleWebKit/537.36 (KHTML, like Gecko) Chrome/61.0.3163.100 Safari/537.36',
  'upgrade-insecure-requests' => '1',
  'accept' => 'text/html,application/xhtml+xml,application/xml;q=0.9,image/webp,image/apng,*/*;q=0.8',
  'accept-encoding' => 'gzip, deflate, br',
  'accept-language' => 'zh-CN,zh;q=0.8',
  'cookie' => 'PHPSESSID=bs6p3qr336i4jmru6p167q8of2; Hm_lvt_32e3cb4cf7e5c6772c4dc1f5d496b6af=1506522953,1506933029; Hm_lpvt_32e3cb4cf7e5c6772c4dc1f5d496b6af=1506933430',
  'content-type' => '',
  'content-length' => '',
)
[ info ] [ PARAM ] array (
)
[ info ] [ CACHE ] INIT File
[ info ] [ RUN ] osc\index\controller\Index->index[ /Users/tonytian/project/PHP/OneShop/oscshop/index/controller/Index.php ]
[ info ] [ VIEW ] ../oscshop/index/view/index/index.html [ array (
  0 => 'top_nav',
  1 => 'empty',
  2 => 'list',
  3 => 'SEO',
) ]
[ info ] [ SESSION ] INIT array (
  'type' => '',
  'auto_start' => true,
)
[ info ] [ LOG ] INIT File
---------------------------------------------------------------
[ 2017-10-02T16:39:18+08:00 ] 127.0.0.1 127.0.0.1 GET /index.php/admin/Login/login
[ info ] test.oneshop.com/index.php/admin/Login/login [运行时间：0.021263s][吞吐率：47.03req/s] [内存消耗：2,285.92kb] [文件加载：44]
[ info ] [ LANG ] /Users/tonytian/project/PHP/OneShop/thinkphp/lang/zh-cn.php
[ info ] [ ROUTE ] array (
  'type' => 'module',
  'module' => 
  array (
    0 => 'admin',
    1 => 'Login',
    2 => 'login',
  ),
)
[ info ] [ HEADER ] array (
  'host' => 'test.oneshop.com',
  'connection' => 'keep-alive',
  'user-agent' => 'Mozilla/5.0 (Macintosh; Intel Mac OS X 10_12_6) AppleWebKit/537.36 (KHTML, like Gecko) Chrome/61.0.3163.100 Safari/537.36',
  'upgrade-insecure-requests' => '1',
  'accept' => 'text/html,application/xhtml+xml,application/xml;q=0.9,image/webp,image/apng,*/*;q=0.8',
  'accept-encoding' => 'gzip, deflate',
  'accept-language' => 'zh-CN,zh;q=0.8',
  'cookie' => 'PHPSESSID=8ogh9avdj1ulg7jde6fk72ns32; Hm_lvt_32e3cb4cf7e5c6772c4dc1f5d496b6af=1506524736,1506933236; Hm_lpvt_32e3cb4cf7e5c6772c4dc1f5d496b6af=1506933236',
)
[ info ] [ PARAM ] array (
)
[ info ] [ CACHE ] INIT File
[ info ] [ RUN ] osc\admin\controller\Login->login[ /Users/tonytian/project/PHP/OneShop/oscshop/admin/controller/Login.php ]
[ info ] [ SESSION ] INIT array (
  'type' => '',
  'auto_start' => true,
)
[ info ] [ VIEW ] ../oscshop/admin/view/public/login.html [ array (
) ]
[ info ] [ LOG ] INIT File
---------------------------------------------------------------
[ 2017-10-02T16:39:25+08:00 ] 127.0.0.1 127.0.0.1 POST /index.php/admin/Login/login
[ info ] test.oneshop.com/index.php/admin/Login/login [运行时间：0.052436s][吞吐率：19.07req/s] [内存消耗：3,257.91kb] [文件加载：51]
[ info ] [ LANG ] /Users/tonytian/project/PHP/OneShop/thinkphp/lang/zh-cn.php
[ info ] [ ROUTE ] array (
  'type' => 'module',
  'module' => 
  array (
    0 => 'admin',
    1 => 'Login',
    2 => 'login',
  ),
)
[ info ] [ HEADER ] array (
  'host' => 'test.oneshop.com',
  'connection' => 'keep-alive',
  'content-length' => '30',
  'accept' => 'application/json, text/javascript, */*; q=0.01',
  'origin' => 'http://test.oneshop.com',
  'x-requested-with' => 'XMLHttpRequest',
  'user-agent' => 'Mozilla/5.0 (Macintosh; Intel Mac OS X 10_12_6) AppleWebKit/537.36 (KHTML, like Gecko) Chrome/61.0.3163.100 Safari/537.36',
  'content-type' => 'application/x-www-form-urlencoded; charset=UTF-8',
  'referer' => 'http://test.oneshop.com/index.php/admin/Login/login',
  'accept-encoding' => 'gzip, deflate',
  'accept-language' => 'zh-CN,zh;q=0.8',
  'cookie' => 'PHPSESSID=8ogh9avdj1ulg7jde6fk72ns32; Hm_lvt_32e3cb4cf7e5c6772c4dc1f5d496b6af=1506524736,1506933236; Hm_lpvt_32e3cb4cf7e5c6772c4dc1f5d496b6af=1506933236',
)
[ info ] [ PARAM ] array (
  'username' => 'admin',
  'password' => '123456',
)
[ info ] [ CACHE ] INIT File
[ info ] [ RUN ] osc\admin\controller\Login->login[ /Users/tonytian/project/PHP/OneShop/oscshop/admin/controller/Login.php ]
[ info ] [ DB ] INIT mysql
[ info ] [ SESSION ] INIT array (
  'type' => '',
  'auto_start' => true,
)
[ info ] [ LOG ] INIT File
---------------------------------------------------------------
[ 2017-10-02T16:39:25+08:00 ] 127.0.0.1 127.0.0.1 GET /index.php/admin/Index/index
[ info ] test.oneshop.com/index.php/admin/Index/index [运行时间：0.064756s][吞吐率：15.44req/s] [内存消耗：3,935.33kb] [文件加载：57]
[ info ] [ LANG ] /Users/tonytian/project/PHP/OneShop/thinkphp/lang/zh-cn.php
[ info ] [ ROUTE ] array (
  'type' => 'module',
  'module' => 
  array (
    0 => 'admin',
    1 => 'Index',
    2 => 'index',
  ),
)
[ info ] [ HEADER ] array (
  'host' => 'test.oneshop.com',
  'connection' => 'keep-alive',
  'upgrade-insecure-requests' => '1',
  'user-agent' => 'Mozilla/5.0 (Macintosh; Intel Mac OS X 10_12_6) AppleWebKit/537.36 (KHTML, like Gecko) Chrome/61.0.3163.100 Safari/537.36',
  'accept' => 'text/html,application/xhtml+xml,application/xml;q=0.9,image/webp,image/apng,*/*;q=0.8',
  'referer' => 'http://test.oneshop.com/index.php/admin/Login/login',
  'accept-encoding' => 'gzip, deflate',
  'accept-language' => 'zh-CN,zh;q=0.8',
  'cookie' => 'PHPSESSID=8ogh9avdj1ulg7jde6fk72ns32; Hm_lvt_32e3cb4cf7e5c6772c4dc1f5d496b6af=1506524736,1506933236; Hm_lpvt_32e3cb4cf7e5c6772c4dc1f5d496b6af=1506933236',
)
[ info ] [ PARAM ] array (
)
[ info ] [ CACHE ] INIT File
[ info ] [ SESSION ] INIT array (
  'type' => '',
  'auto_start' => true,
)
[ info ] [ DB ] INIT mysql
[ info ] [ RUN ] osc\admin\controller\Index->index[ /Users/tonytian/project/PHP/OneShop/oscshop/admin/controller/Index.php ]
[ info ] [ VIEW ] ../oscshop/admin/view/index/index.html [ array (
  0 => 'admin_menu',
  1 => 'total_order',
  2 => 'today_order',
  3 => 'total_money',
  4 => 'today_money',
  5 => 'user_action_total',
  6 => 'today_user_action',
  7 => 'today_member',
  8 => 'member_count',
  9 => 'user_action',
  10 => 'uc_empty',
  11 => 'order_list',
  12 => 'empty',
) ]
[ info ] [ LOG ] INIT File
---------------------------------------------------------------
[ 2017-10-02T16:39:28+08:00 ] 127.0.0.1 127.0.0.1 GET /index.php/admin/goods/index
[ info ] test.oneshop.com/index.php/admin/goods/index [运行时间：0.048763s][吞吐率：20.51req/s] [内存消耗：3,779.38kb] [文件加载：56]
[ info ] [ LANG ] /Users/tonytian/project/PHP/OneShop/thinkphp/lang/zh-cn.php
[ info ] [ ROUTE ] array (
  'type' => 'module',
  'module' => 
  array (
    0 => 'admin',
    1 => 'goods',
    2 => 'index',
  ),
)
[ info ] [ HEADER ] array (
  'host' => 'test.oneshop.com',
  'connection' => 'keep-alive',
  'upgrade-insecure-requests' => '1',
  'user-agent' => 'Mozilla/5.0 (Macintosh; Intel Mac OS X 10_12_6) AppleWebKit/537.36 (KHTML, like Gecko) Chrome/61.0.3163.100 Safari/537.36',
  'accept' => 'text/html,application/xhtml+xml,application/xml;q=0.9,image/webp,image/apng,*/*;q=0.8',
  'referer' => 'http://test.oneshop.com/index.php/admin/Index/index',
  'accept-encoding' => 'gzip, deflate',
  'accept-language' => 'zh-CN,zh;q=0.8',
  'cookie' => 'PHPSESSID=8ogh9avdj1ulg7jde6fk72ns32; Hm_lvt_32e3cb4cf7e5c6772c4dc1f5d496b6af=1506524736,1506933236; Hm_lpvt_32e3cb4cf7e5c6772c4dc1f5d496b6af=1506933236',
)
[ info ] [ PARAM ] array (
)
[ info ] [ CACHE ] INIT File
[ info ] [ SESSION ] INIT array (
  'type' => '',
  'auto_start' => true,
)
[ info ] [ DB ] INIT mysql
[ info ] [ RUN ] osc\admin\controller\Goods->index[ /Users/tonytian/project/PHP/OneShop/oscshop/admin/controller/Goods.php ]
[ info ] [ VIEW ] ../oscshop/admin/view/goods/index.html [ array (
  0 => 'admin_menu',
  1 => 'breadcrumb1',
  2 => 'breadcrumb2',
  3 => 'empty',
  4 => 'category',
  5 => 'list',
) ]
[ info ] [ LOG ] INIT File
---------------------------------------------------------------
[ 2017-10-02T16:39:28+08:00 ] 127.0.0.1 127.0.0.1 GET /
[ info ] test.oneshop.com/ [运行时间：0.016829s][吞吐率：59.42req/s] [内存消耗：2,465.41kb] [文件加载：46]
[ info ] [ LANG ] /Users/tonytian/project/PHP/OneShop/thinkphp/lang/zh-cn.php
[ info ] [ ROUTE ] array (
  'type' => 'module',
  'module' => 
  array (
    0 => '',
    1 => NULL,
    2 => NULL,
  ),
)
[ info ] [ HEADER ] array (
  'host' => 'test.oneshop.com',
  'connection' => 'keep-alive',
  'user-agent' => 'Mozilla/5.0 (Macintosh; Intel Mac OS X 10_12_6) AppleWebKit/537.36 (KHTML, like Gecko) Chrome/61.0.3163.100 Safari/537.36',
  'accept' => 'image/webp,image/apng,image/*,*/*;q=0.8',
  'referer' => 'http://test.oneshop.com/index.php/admin/goods/index',
  'accept-encoding' => 'gzip, deflate',
  'accept-language' => 'zh-CN,zh;q=0.8',
  'cookie' => 'PHPSESSID=8ogh9avdj1ulg7jde6fk72ns32; Hm_lvt_32e3cb4cf7e5c6772c4dc1f5d496b6af=1506524736,1506933236; Hm_lpvt_32e3cb4cf7e5c6772c4dc1f5d496b6af=1506933236',
)
[ info ] [ PARAM ] array (
)
[ info ] [ CACHE ] INIT File
[ info ] [ RUN ] osc\index\controller\Index->index[ /Users/tonytian/project/PHP/OneShop/oscshop/index/controller/Index.php ]
[ info ] [ VIEW ] ../oscshop/index/view/index/index.html [ array (
  0 => 'top_nav',
  1 => 'empty',
  2 => 'list',
  3 => 'SEO',
) ]
[ info ] [ SESSION ] INIT array (
  'type' => '',
  'auto_start' => true,
)
[ info ] [ LOG ] INIT File
---------------------------------------------------------------
[ 2017-10-02T16:39:28+08:00 ] 127.0.0.1 127.0.0.1 GET /
[ info ] test.oneshop.com/ [运行时间：0.016288s][吞吐率：61.39req/s] [内存消耗：2,465.39kb] [文件加载：46]
[ info ] [ LANG ] /Users/tonytian/project/PHP/OneShop/thinkphp/lang/zh-cn.php
[ info ] [ ROUTE ] array (
  'type' => 'module',
  'module' => 
  array (
    0 => '',
    1 => NULL,
    2 => NULL,
  ),
)
[ info ] [ HEADER ] array (
  'host' => 'test.oneshop.com',
  'connection' => 'keep-alive',
  'user-agent' => 'Mozilla/5.0 (Macintosh; Intel Mac OS X 10_12_6) AppleWebKit/537.36 (KHTML, like Gecko) Chrome/61.0.3163.100 Safari/537.36',
  'accept' => 'image/webp,image/apng,image/*,*/*;q=0.8',
  'referer' => 'http://test.oneshop.com/index.php/admin/goods/index',
  'accept-encoding' => 'gzip, deflate',
  'accept-language' => 'zh-CN,zh;q=0.8',
  'cookie' => 'PHPSESSID=8ogh9avdj1ulg7jde6fk72ns32; Hm_lvt_32e3cb4cf7e5c6772c4dc1f5d496b6af=1506524736,1506933236; Hm_lpvt_32e3cb4cf7e5c6772c4dc1f5d496b6af=1506933236',
)
[ info ] [ PARAM ] array (
)
[ info ] [ CACHE ] INIT File
[ info ] [ RUN ] osc\index\controller\Index->index[ /Users/tonytian/project/PHP/OneShop/oscshop/index/controller/Index.php ]
[ info ] [ VIEW ] ../oscshop/index/view/index/index.html [ array (
  0 => 'top_nav',
  1 => 'empty',
  2 => 'list',
  3 => 'SEO',
) ]
[ info ] [ SESSION ] INIT array (
  'type' => '',
  'auto_start' => true,
)
[ info ] [ LOG ] INIT File
---------------------------------------------------------------
[ 2017-10-02T16:39:49+08:00 ] 127.0.0.1 127.0.0.1 GET /index.php/admin/goods/index
[ info ] test.oneshop.com/index.php/admin/goods/index [运行时间：0.030962s][吞吐率：32.30req/s] [内存消耗：3,779.15kb] [文件加载：56]
[ info ] [ LANG ] /Users/tonytian/project/PHP/OneShop/thinkphp/lang/zh-cn.php
[ info ] [ ROUTE ] array (
  'type' => 'module',
  'module' => 
  array (
    0 => 'admin',
    1 => 'goods',
    2 => 'index',
  ),
)
[ info ] [ HEADER ] array (
  'host' => 'test.oneshop.com',
  'connection' => 'keep-alive',
  'upgrade-insecure-requests' => '1',
  'user-agent' => 'Mozilla/5.0 (Macintosh; Intel Mac OS X 10_12_6) AppleWebKit/537.36 (KHTML, like Gecko) Chrome/61.0.3163.100 Safari/537.36',
  'accept' => 'text/html,application/xhtml+xml,application/xml;q=0.9,image/webp,image/apng,*/*;q=0.8',
  'referer' => 'http://test.oneshop.com/index.php/admin/goods/index',
  'accept-encoding' => 'gzip, deflate',
  'accept-language' => 'zh-CN,zh;q=0.8',
  'cookie' => 'PHPSESSID=8ogh9avdj1ulg7jde6fk72ns32; Hm_lvt_32e3cb4cf7e5c6772c4dc1f5d496b6af=1506524736,1506933236; Hm_lpvt_32e3cb4cf7e5c6772c4dc1f5d496b6af=1506933236',
)
[ info ] [ PARAM ] array (
)
[ info ] [ CACHE ] INIT File
[ info ] [ SESSION ] INIT array (
  'type' => '',
  'auto_start' => true,
)
[ info ] [ DB ] INIT mysql
[ info ] [ RUN ] osc\admin\controller\Goods->index[ /Users/tonytian/project/PHP/OneShop/oscshop/admin/controller/Goods.php ]
[ info ] [ VIEW ] ../oscshop/admin/view/goods/index.html [ array (
  0 => 'admin_menu',
  1 => 'breadcrumb1',
  2 => 'breadcrumb2',
  3 => 'empty',
  4 => 'category',
  5 => 'list',
) ]
[ info ] [ LOG ] INIT File
---------------------------------------------------------------
[ 2017-10-02T16:39:49+08:00 ] 127.0.0.1 127.0.0.1 GET /
[ info ] test.oneshop.com/ [运行时间：0.016039s][吞吐率：62.35req/s] [内存消耗：2,465.39kb] [文件加载：46]
[ info ] [ LANG ] /Users/tonytian/project/PHP/OneShop/thinkphp/lang/zh-cn.php
[ info ] [ ROUTE ] array (
  'type' => 'module',
  'module' => 
  array (
    0 => '',
    1 => NULL,
    2 => NULL,
  ),
)
[ info ] [ HEADER ] array (
  'host' => 'test.oneshop.com',
  'connection' => 'keep-alive',
  'user-agent' => 'Mozilla/5.0 (Macintosh; Intel Mac OS X 10_12_6) AppleWebKit/537.36 (KHTML, like Gecko) Chrome/61.0.3163.100 Safari/537.36',
  'accept' => 'image/webp,image/apng,image/*,*/*;q=0.8',
  'referer' => 'http://test.oneshop.com/index.php/admin/goods/index',
  'accept-encoding' => 'gzip, deflate',
  'accept-language' => 'zh-CN,zh;q=0.8',
  'cookie' => 'PHPSESSID=8ogh9avdj1ulg7jde6fk72ns32; Hm_lvt_32e3cb4cf7e5c6772c4dc1f5d496b6af=1506524736,1506933236; Hm_lpvt_32e3cb4cf7e5c6772c4dc1f5d496b6af=1506933236',
)
[ info ] [ PARAM ] array (
)
[ info ] [ CACHE ] INIT File
[ info ] [ RUN ] osc\index\controller\Index->index[ /Users/tonytian/project/PHP/OneShop/oscshop/index/controller/Index.php ]
[ info ] [ VIEW ] ../oscshop/index/view/index/index.html [ array (
  0 => 'top_nav',
  1 => 'empty',
  2 => 'list',
  3 => 'SEO',
) ]
[ info ] [ SESSION ] INIT array (
  'type' => '',
  'auto_start' => true,
)
[ info ] [ LOG ] INIT File
---------------------------------------------------------------
[ 2017-10-02T16:39:49+08:00 ] 127.0.0.1 127.0.0.1 GET /
[ info ] test.oneshop.com/ [运行时间：0.016847s][吞吐率：59.36req/s] [内存消耗：2,465.39kb] [文件加载：46]
[ info ] [ LANG ] /Users/tonytian/project/PHP/OneShop/thinkphp/lang/zh-cn.php
[ info ] [ ROUTE ] array (
  'type' => 'module',
  'module' => 
  array (
    0 => '',
    1 => NULL,
    2 => NULL,
  ),
)
[ info ] [ HEADER ] array (
  'host' => 'test.oneshop.com',
  'connection' => 'keep-alive',
  'user-agent' => 'Mozilla/5.0 (Macintosh; Intel Mac OS X 10_12_6) AppleWebKit/537.36 (KHTML, like Gecko) Chrome/61.0.3163.100 Safari/537.36',
  'accept' => 'image/webp,image/apng,image/*,*/*;q=0.8',
  'referer' => 'http://test.oneshop.com/index.php/admin/goods/index',
  'accept-encoding' => 'gzip, deflate',
  'accept-language' => 'zh-CN,zh;q=0.8',
  'cookie' => 'PHPSESSID=8ogh9avdj1ulg7jde6fk72ns32; Hm_lvt_32e3cb4cf7e5c6772c4dc1f5d496b6af=1506524736,1506933236; Hm_lpvt_32e3cb4cf7e5c6772c4dc1f5d496b6af=1506933236',
)
[ info ] [ PARAM ] array (
)
[ info ] [ CACHE ] INIT File
[ info ] [ RUN ] osc\index\controller\Index->index[ /Users/tonytian/project/PHP/OneShop/oscshop/index/controller/Index.php ]
[ info ] [ VIEW ] ../oscshop/index/view/index/index.html [ array (
  0 => 'top_nav',
  1 => 'empty',
  2 => 'list',
  3 => 'SEO',
) ]
[ info ] [ SESSION ] INIT array (
  'type' => '',
  'auto_start' => true,
)
[ info ] [ LOG ] INIT File
---------------------------------------------------------------
[ 2017-10-02T16:39:51+08:00 ] 127.0.0.1 127.0.0.1 GET /index.php/admin/category/index
[ info ] test.oneshop.com/index.php/admin/category/index [运行时间：0.030520s][吞吐率：32.77req/s] [内存消耗：3,786.36kb] [文件加载：56]
[ info ] [ LANG ] /Users/tonytian/project/PHP/OneShop/thinkphp/lang/zh-cn.php
[ info ] [ ROUTE ] array (
  'type' => 'module',
  'module' => 
  array (
    0 => 'admin',
    1 => 'category',
    2 => 'index',
  ),
)
[ info ] [ HEADER ] array (
  'host' => 'test.oneshop.com',
  'connection' => 'keep-alive',
  'upgrade-insecure-requests' => '1',
  'user-agent' => 'Mozilla/5.0 (Macintosh; Intel Mac OS X 10_12_6) AppleWebKit/537.36 (KHTML, like Gecko) Chrome/61.0.3163.100 Safari/537.36',
  'accept' => 'text/html,application/xhtml+xml,application/xml;q=0.9,image/webp,image/apng,*/*;q=0.8',
  'referer' => 'http://test.oneshop.com/index.php/admin/goods/index',
  'accept-encoding' => 'gzip, deflate',
  'accept-language' => 'zh-CN,zh;q=0.8',
  'cookie' => 'PHPSESSID=8ogh9avdj1ulg7jde6fk72ns32; Hm_lvt_32e3cb4cf7e5c6772c4dc1f5d496b6af=1506524736,1506933236; Hm_lpvt_32e3cb4cf7e5c6772c4dc1f5d496b6af=1506933236',
)
[ info ] [ PARAM ] array (
)
[ info ] [ CACHE ] INIT File
[ info ] [ SESSION ] INIT array (
  'type' => '',
  'auto_start' => true,
)
[ info ] [ DB ] INIT mysql
[ info ] [ RUN ] osc\admin\controller\Category->index[ /Users/tonytian/project/PHP/OneShop/oscshop/admin/controller/Category.php ]
[ info ] [ VIEW ] ../oscshop/admin/view/category/index.html [ array (
  0 => 'admin_menu',
  1 => 'breadcrumb1',
  2 => 'breadcrumb2',
  3 => 'empty',
  4 => 'list',
) ]
[ info ] [ LOG ] INIT File
---------------------------------------------------------------
[ 2017-10-02T16:39:57+08:00 ] 127.0.0.1 127.0.0.1 GET /index.php/admin/option/index
[ info ] test.oneshop.com/index.php/admin/option/index [运行时间：0.033818s][吞吐率：29.57req/s] [内存消耗：3,749.40kb] [文件加载：56]
[ info ] [ LANG ] /Users/tonytian/project/PHP/OneShop/thinkphp/lang/zh-cn.php
[ info ] [ ROUTE ] array (
  'type' => 'module',
  'module' => 
  array (
    0 => 'admin',
    1 => 'option',
    2 => 'index',
  ),
)
[ info ] [ HEADER ] array (
  'host' => 'test.oneshop.com',
  'connection' => 'keep-alive',
  'upgrade-insecure-requests' => '1',
  'user-agent' => 'Mozilla/5.0 (Macintosh; Intel Mac OS X 10_12_6) AppleWebKit/537.36 (KHTML, like Gecko) Chrome/61.0.3163.100 Safari/537.36',
  'accept' => 'text/html,application/xhtml+xml,application/xml;q=0.9,image/webp,image/apng,*/*;q=0.8',
  'referer' => 'http://test.oneshop.com/index.php/admin/category/index',
  'accept-encoding' => 'gzip, deflate',
  'accept-language' => 'zh-CN,zh;q=0.8',
  'cookie' => 'PHPSESSID=8ogh9avdj1ulg7jde6fk72ns32; Hm_lvt_32e3cb4cf7e5c6772c4dc1f5d496b6af=1506524736,1506933236; Hm_lpvt_32e3cb4cf7e5c6772c4dc1f5d496b6af=1506933236',
)
[ info ] [ PARAM ] array (
)
[ info ] [ CACHE ] INIT File
[ info ] [ SESSION ] INIT array (
  'type' => '',
  'auto_start' => true,
)
[ info ] [ DB ] INIT mysql
[ info ] [ RUN ] osc\admin\controller\Option->index[ /Users/tonytian/project/PHP/OneShop/oscshop/admin/controller/Option.php ]
[ info ] [ VIEW ] ../oscshop/admin/view/option/index.html [ array (
  0 => 'admin_menu',
  1 => 'breadcrumb1',
  2 => 'breadcrumb2',
  3 => 'list',
  4 => 'empty',
) ]
[ info ] [ LOG ] INIT File
---------------------------------------------------------------
[ 2017-10-02T16:40:02+08:00 ] 127.0.0.1 127.0.0.1 GET /index.php/admin/attribute/index
[ info ] test.oneshop.com/index.php/admin/attribute/index [运行时间：0.037353s][吞吐率：26.77req/s] [内存消耗：3,860.88kb] [文件加载：58]
[ info ] [ LANG ] /Users/tonytian/project/PHP/OneShop/thinkphp/lang/zh-cn.php
[ info ] [ ROUTE ] array (
  'type' => 'module',
  'module' => 
  array (
    0 => 'admin',
    1 => 'attribute',
    2 => 'index',
  ),
)
[ info ] [ HEADER ] array (
  'host' => 'test.oneshop.com',
  'connection' => 'keep-alive',
  'upgrade-insecure-requests' => '1',
  'user-agent' => 'Mozilla/5.0 (Macintosh; Intel Mac OS X 10_12_6) AppleWebKit/537.36 (KHTML, like Gecko) Chrome/61.0.3163.100 Safari/537.36',
  'accept' => 'text/html,application/xhtml+xml,application/xml;q=0.9,image/webp,image/apng,*/*;q=0.8',
  'referer' => 'http://test.oneshop.com/index.php/admin/option/index',
  'accept-encoding' => 'gzip, deflate',
  'accept-language' => 'zh-CN,zh;q=0.8',
  'cookie' => 'PHPSESSID=8ogh9avdj1ulg7jde6fk72ns32; Hm_lvt_32e3cb4cf7e5c6772c4dc1f5d496b6af=1506524736,1506933236; Hm_lpvt_32e3cb4cf7e5c6772c4dc1f5d496b6af=1506933236',
)
[ info ] [ PARAM ] array (
)
[ info ] [ CACHE ] INIT File
[ info ] [ SESSION ] INIT array (
  'type' => '',
  'auto_start' => true,
)
[ info ] [ DB ] INIT mysql
[ info ] [ RUN ] osc\admin\controller\Attribute->index[ /Users/tonytian/project/PHP/OneShop/oscshop/admin/controller/Attribute.php ]
[ info ] [ VIEW ] ../oscshop/admin/view/attribute/index.html [ array (
  0 => 'admin_menu',
  1 => 'breadcrumb1',
  2 => 'breadcrumb2',
  3 => 'empty',
  4 => 'list',
  5 => 'category',
) ]
[ info ] [ LOG ] INIT File
---------------------------------------------------------------
[ 2017-10-02T16:40:07+08:00 ] 127.0.0.1 127.0.0.1 GET /index.php/admin/weight_class/index
[ info ] test.oneshop.com/index.php/admin/weight_class/index [运行时间：0.029706s][吞吐率：33.66req/s] [内存消耗：3,727.31kb] [文件加载：56]
[ info ] [ LANG ] /Users/tonytian/project/PHP/OneShop/thinkphp/lang/zh-cn.php
[ info ] [ ROUTE ] array (
  'type' => 'module',
  'module' => 
  array (
    0 => 'admin',
    1 => 'weight_class',
    2 => 'index',
  ),
)
[ info ] [ HEADER ] array (
  'host' => 'test.oneshop.com',
  'connection' => 'keep-alive',
  'upgrade-insecure-requests' => '1',
  'user-agent' => 'Mozilla/5.0 (Macintosh; Intel Mac OS X 10_12_6) AppleWebKit/537.36 (KHTML, like Gecko) Chrome/61.0.3163.100 Safari/537.36',
  'accept' => 'text/html,application/xhtml+xml,application/xml;q=0.9,image/webp,image/apng,*/*;q=0.8',
  'referer' => 'http://test.oneshop.com/index.php/admin/attribute/index',
  'accept-encoding' => 'gzip, deflate',
  'accept-language' => 'zh-CN,zh;q=0.8',
  'cookie' => 'PHPSESSID=8ogh9avdj1ulg7jde6fk72ns32; Hm_lvt_32e3cb4cf7e5c6772c4dc1f5d496b6af=1506524736,1506933236; Hm_lpvt_32e3cb4cf7e5c6772c4dc1f5d496b6af=1506933236',
)
[ info ] [ PARAM ] array (
)
[ info ] [ CACHE ] INIT File
[ info ] [ SESSION ] INIT array (
  'type' => '',
  'auto_start' => true,
)
[ info ] [ DB ] INIT mysql
[ info ] [ RUN ] osc\admin\controller\WeightClass->index[ /Users/tonytian/project/PHP/OneShop/oscshop/admin/controller/WeightClass.php ]
[ info ] [ VIEW ] ../oscshop/admin/view/weight_class/index.html [ array (
  0 => 'admin_menu',
  1 => 'breadcrumb1',
  2 => 'breadcrumb2',
  3 => 'empty',
  4 => 'list',
) ]
[ info ] [ LOG ] INIT File
---------------------------------------------------------------
[ 2017-10-02T16:40:09+08:00 ] 127.0.0.1 127.0.0.1 GET /index.php/admin/length_class/index
[ info ] test.oneshop.com/index.php/admin/length_class/index [运行时间：0.034554s][吞吐率：28.94req/s] [内存消耗：3,729.59kb] [文件加载：56]
[ info ] [ LANG ] /Users/tonytian/project/PHP/OneShop/thinkphp/lang/zh-cn.php
[ info ] [ ROUTE ] array (
  'type' => 'module',
  'module' => 
  array (
    0 => 'admin',
    1 => 'length_class',
    2 => 'index',
  ),
)
[ info ] [ HEADER ] array (
  'host' => 'test.oneshop.com',
  'connection' => 'keep-alive',
  'upgrade-insecure-requests' => '1',
  'user-agent' => 'Mozilla/5.0 (Macintosh; Intel Mac OS X 10_12_6) AppleWebKit/537.36 (KHTML, like Gecko) Chrome/61.0.3163.100 Safari/537.36',
  'accept' => 'text/html,application/xhtml+xml,application/xml;q=0.9,image/webp,image/apng,*/*;q=0.8',
  'referer' => 'http://test.oneshop.com/index.php/admin/weight_class/index',
  'accept-encoding' => 'gzip, deflate',
  'accept-language' => 'zh-CN,zh;q=0.8',
  'cookie' => 'PHPSESSID=8ogh9avdj1ulg7jde6fk72ns32; Hm_lvt_32e3cb4cf7e5c6772c4dc1f5d496b6af=1506524736,1506933236; Hm_lpvt_32e3cb4cf7e5c6772c4dc1f5d496b6af=1506933236',
)
[ info ] [ PARAM ] array (
)
[ info ] [ CACHE ] INIT File
[ info ] [ SESSION ] INIT array (
  'type' => '',
  'auto_start' => true,
)
[ info ] [ DB ] INIT mysql
[ info ] [ RUN ] osc\admin\controller\LengthClass->index[ /Users/tonytian/project/PHP/OneShop/oscshop/admin/controller/LengthClass.php ]
[ info ] [ VIEW ] ../oscshop/admin/view/length_class/index.html [ array (
  0 => 'admin_menu',
  1 => 'breadcrumb1',
  2 => 'breadcrumb2',
  3 => 'empty',
  4 => 'list',
) ]
[ info ] [ LOG ] INIT File
---------------------------------------------------------------
[ 2017-10-02T16:40:11+08:00 ] 127.0.0.1 127.0.0.1 GET /index.php/admin/brand/index
[ info ] test.oneshop.com/index.php/admin/brand/index [运行时间：0.030735s][吞吐率：32.54req/s] [内存消耗：3,727.40kb] [文件加载：56]
[ info ] [ LANG ] /Users/tonytian/project/PHP/OneShop/thinkphp/lang/zh-cn.php
[ info ] [ ROUTE ] array (
  'type' => 'module',
  'module' => 
  array (
    0 => 'admin',
    1 => 'brand',
    2 => 'index',
  ),
)
[ info ] [ HEADER ] array (
  'host' => 'test.oneshop.com',
  'connection' => 'keep-alive',
  'upgrade-insecure-requests' => '1',
  'user-agent' => 'Mozilla/5.0 (Macintosh; Intel Mac OS X 10_12_6) AppleWebKit/537.36 (KHTML, like Gecko) Chrome/61.0.3163.100 Safari/537.36',
  'accept' => 'text/html,application/xhtml+xml,application/xml;q=0.9,image/webp,image/apng,*/*;q=0.8',
  'referer' => 'http://test.oneshop.com/index.php/admin/length_class/index',
  'accept-encoding' => 'gzip, deflate',
  'accept-language' => 'zh-CN,zh;q=0.8',
  'cookie' => 'PHPSESSID=8ogh9avdj1ulg7jde6fk72ns32; Hm_lvt_32e3cb4cf7e5c6772c4dc1f5d496b6af=1506524736,1506933236; Hm_lpvt_32e3cb4cf7e5c6772c4dc1f5d496b6af=1506933236',
)
[ info ] [ PARAM ] array (
)
[ info ] [ CACHE ] INIT File
[ info ] [ SESSION ] INIT array (
  'type' => '',
  'auto_start' => true,
)
[ info ] [ DB ] INIT mysql
[ info ] [ RUN ] osc\admin\controller\Brand->index[ /Users/tonytian/project/PHP/OneShop/oscshop/admin/controller/Brand.php ]
[ info ] [ VIEW ] ../oscshop/admin/view/brand/index.html [ array (
  0 => 'admin_menu',
  1 => 'breadcrumb1',
  2 => 'breadcrumb2',
  3 => 'empty',
  4 => 'list',
) ]
[ info ] [ LOG ] INIT File
---------------------------------------------------------------
[ 2017-10-02T16:40:13+08:00 ] 127.0.0.1 127.0.0.1 GET /index.php/admin/goods/index
[ info ] test.oneshop.com/index.php/admin/goods/index [运行时间：0.032136s][吞吐率：31.12req/s] [内存消耗：3,779.15kb] [文件加载：56]
[ info ] [ LANG ] /Users/tonytian/project/PHP/OneShop/thinkphp/lang/zh-cn.php
[ info ] [ ROUTE ] array (
  'type' => 'module',
  'module' => 
  array (
    0 => 'admin',
    1 => 'goods',
    2 => 'index',
  ),
)
[ info ] [ HEADER ] array (
  'host' => 'test.oneshop.com',
  'connection' => 'keep-alive',
  'upgrade-insecure-requests' => '1',
  'user-agent' => 'Mozilla/5.0 (Macintosh; Intel Mac OS X 10_12_6) AppleWebKit/537.36 (KHTML, like Gecko) Chrome/61.0.3163.100 Safari/537.36',
  'accept' => 'text/html,application/xhtml+xml,application/xml;q=0.9,image/webp,image/apng,*/*;q=0.8',
  'referer' => 'http://test.oneshop.com/index.php/admin/brand/index',
  'accept-encoding' => 'gzip, deflate',
  'accept-language' => 'zh-CN,zh;q=0.8',
  'cookie' => 'PHPSESSID=8ogh9avdj1ulg7jde6fk72ns32; Hm_lvt_32e3cb4cf7e5c6772c4dc1f5d496b6af=1506524736,1506933236; Hm_lpvt_32e3cb4cf7e5c6772c4dc1f5d496b6af=1506933236',
)
[ info ] [ PARAM ] array (
)
[ info ] [ CACHE ] INIT File
[ info ] [ SESSION ] INIT array (
  'type' => '',
  'auto_start' => true,
)
[ info ] [ DB ] INIT mysql
[ info ] [ RUN ] osc\admin\controller\Goods->index[ /Users/tonytian/project/PHP/OneShop/oscshop/admin/controller/Goods.php ]
[ info ] [ VIEW ] ../oscshop/admin/view/goods/index.html [ array (
  0 => 'admin_menu',
  1 => 'breadcrumb1',
  2 => 'breadcrumb2',
  3 => 'empty',
  4 => 'category',
  5 => 'list',
) ]
[ info ] [ LOG ] INIT File
---------------------------------------------------------------
[ 2017-10-02T16:40:13+08:00 ] 127.0.0.1 127.0.0.1 GET /
[ info ] test.oneshop.com/ [运行时间：0.017422s][吞吐率：57.40req/s] [内存消耗：2,465.41kb] [文件加载：46]
[ info ] [ LANG ] /Users/tonytian/project/PHP/OneShop/thinkphp/lang/zh-cn.php
[ info ] [ ROUTE ] array (
  'type' => 'module',
  'module' => 
  array (
    0 => '',
    1 => NULL,
    2 => NULL,
  ),
)
[ info ] [ HEADER ] array (
  'host' => 'test.oneshop.com',
  'connection' => 'keep-alive',
  'user-agent' => 'Mozilla/5.0 (Macintosh; Intel Mac OS X 10_12_6) AppleWebKit/537.36 (KHTML, like Gecko) Chrome/61.0.3163.100 Safari/537.36',
  'accept' => 'image/webp,image/apng,image/*,*/*;q=0.8',
  'referer' => 'http://test.oneshop.com/index.php/admin/goods/index',
  'accept-encoding' => 'gzip, deflate',
  'accept-language' => 'zh-CN,zh;q=0.8',
  'cookie' => 'PHPSESSID=8ogh9avdj1ulg7jde6fk72ns32; Hm_lvt_32e3cb4cf7e5c6772c4dc1f5d496b6af=1506524736,1506933236; Hm_lpvt_32e3cb4cf7e5c6772c4dc1f5d496b6af=1506933236',
)
[ info ] [ PARAM ] array (
)
[ info ] [ CACHE ] INIT File
[ info ] [ RUN ] osc\index\controller\Index->index[ /Users/tonytian/project/PHP/OneShop/oscshop/index/controller/Index.php ]
[ info ] [ VIEW ] ../oscshop/index/view/index/index.html [ array (
  0 => 'top_nav',
  1 => 'empty',
  2 => 'list',
  3 => 'SEO',
) ]
[ info ] [ SESSION ] INIT array (
  'type' => '',
  'auto_start' => true,
)
[ info ] [ LOG ] INIT File
---------------------------------------------------------------
[ 2017-10-02T16:40:13+08:00 ] 127.0.0.1 127.0.0.1 GET /
[ info ] test.oneshop.com/ [运行时间：0.017419s][吞吐率：57.41req/s] [内存消耗：2,465.39kb] [文件加载：46]
[ info ] [ LANG ] /Users/tonytian/project/PHP/OneShop/thinkphp/lang/zh-cn.php
[ info ] [ ROUTE ] array (
  'type' => 'module',
  'module' => 
  array (
    0 => '',
    1 => NULL,
    2 => NULL,
  ),
)
[ info ] [ HEADER ] array (
  'host' => 'test.oneshop.com',
  'connection' => 'keep-alive',
  'user-agent' => 'Mozilla/5.0 (Macintosh; Intel Mac OS X 10_12_6) AppleWebKit/537.36 (KHTML, like Gecko) Chrome/61.0.3163.100 Safari/537.36',
  'accept' => 'image/webp,image/apng,image/*,*/*;q=0.8',
  'referer' => 'http://test.oneshop.com/index.php/admin/goods/index',
  'accept-encoding' => 'gzip, deflate',
  'accept-language' => 'zh-CN,zh;q=0.8',
  'cookie' => 'PHPSESSID=8ogh9avdj1ulg7jde6fk72ns32; Hm_lvt_32e3cb4cf7e5c6772c4dc1f5d496b6af=1506524736,1506933236; Hm_lpvt_32e3cb4cf7e5c6772c4dc1f5d496b6af=1506933236',
)
[ info ] [ PARAM ] array (
)
[ info ] [ CACHE ] INIT File
[ info ] [ RUN ] osc\index\controller\Index->index[ /Users/tonytian/project/PHP/OneShop/oscshop/index/controller/Index.php ]
[ info ] [ VIEW ] ../oscshop/index/view/index/index.html [ array (
  0 => 'top_nav',
  1 => 'empty',
  2 => 'list',
  3 => 'SEO',
) ]
[ info ] [ SESSION ] INIT array (
  'type' => '',
  'auto_start' => true,
)
[ info ] [ LOG ] INIT File
---------------------------------------------------------------
[ 2017-10-02T16:40:18+08:00 ] 127.0.0.1 127.0.0.1 POST /index.php/admin/Goods/update_quantity
[ info ] test.oneshop.com/index.php/admin/Goods/update_quantity [运行时间：0.029353s][吞吐率：34.07req/s] [内存消耗：3,335.53kb] [文件加载：49]
[ info ] [ LANG ] /Users/tonytian/project/PHP/OneShop/thinkphp/lang/zh-cn.php
[ info ] [ ROUTE ] array (
  'type' => 'module',
  'module' => 
  array (
    0 => 'admin',
    1 => 'Goods',
    2 => 'update_quantity',
  ),
)
[ info ] [ HEADER ] array (
  'host' => 'test.oneshop.com',
  'connection' => 'keep-alive',
  'content-length' => '24',
  'accept' => '*/*',
  'origin' => 'http://test.oneshop.com',
  'x-requested-with' => 'XMLHttpRequest',
  'user-agent' => 'Mozilla/5.0 (Macintosh; Intel Mac OS X 10_12_6) AppleWebKit/537.36 (KHTML, like Gecko) Chrome/61.0.3163.100 Safari/537.36',
  'content-type' => 'application/x-www-form-urlencoded; charset=UTF-8',
  'referer' => 'http://test.oneshop.com/index.php/admin/goods/index',
  'accept-encoding' => 'gzip, deflate',
  'accept-language' => 'zh-CN,zh;q=0.8',
  'cookie' => 'PHPSESSID=8ogh9avdj1ulg7jde6fk72ns32; Hm_lvt_32e3cb4cf7e5c6772c4dc1f5d496b6af=1506524736,1506933236; Hm_lpvt_32e3cb4cf7e5c6772c4dc1f5d496b6af=1506933236',
)
[ info ] [ PARAM ] array (
  'quantity' => '497',
  'goods_id' => '12',
)
[ info ] [ CACHE ] INIT File
[ info ] [ SESSION ] INIT array (
  'type' => '',
  'auto_start' => true,
)
[ info ] [ DB ] INIT mysql
[ info ] [ RUN ] osc\admin\controller\Goods->update_quantity[ /Users/tonytian/project/PHP/OneShop/oscshop/admin/controller/Goods.php ]
[ info ] [ LOG ] INIT File
---------------------------------------------------------------
[ 2017-10-02T20:10:32+08:00 ] 127.0.0.1 127.0.0.1 GET /index
[ info ] test.oneshop.com/index [运行时间：0.050906s][吞吐率：19.64req/s] [内存消耗：2,464.34kb] [文件加载：46]
[ info ] [ LANG ] /Users/tonytian/project/PHP/OneShop/thinkphp/lang/zh-cn.php
[ info ] [ ROUTE ] array (
  'type' => 'module',
  'module' => 
  array (
    0 => '',
    1 => NULL,
    2 => NULL,
  ),
)
[ info ] [ HEADER ] array (
  'host' => 'test.oneshop.com',
  'connection' => 'keep-alive',
  'user-agent' => 'Mozilla/5.0 (Macintosh; Intel Mac OS X 10_12_6) AppleWebKit/537.36 (KHTML, like Gecko) Chrome/61.0.3163.100 Safari/537.36',
  'upgrade-insecure-requests' => '1',
  'accept' => 'text/html,application/xhtml+xml,application/xml;q=0.9,image/webp,image/apng,*/*;q=0.8',
  'accept-encoding' => 'gzip, deflate',
  'accept-language' => 'zh-CN,zh;q=0.8',
  'cookie' => 'Hm_lvt_32e3cb4cf7e5c6772c4dc1f5d496b6af=1506524736,1506933236',
)
[ info ] [ PARAM ] array (
)
[ info ] [ CACHE ] INIT File
[ info ] [ RUN ] osc\index\controller\Index->index[ /Users/tonytian/project/PHP/OneShop/oscshop/index/controller/Index.php ]
[ info ] [ VIEW ] ../oscshop/index/view/index/index.html [ array (
  0 => 'top_nav',
  1 => 'empty',
  2 => 'list',
  3 => 'SEO',
) ]
[ info ] [ SESSION ] INIT array (
  'type' => '',
  'auto_start' => true,
)
[ info ] [ LOG ] INIT File
---------------------------------------------------------------
[ 2017-10-02T20:10:32+08:00 ] 127.0.0.1 127.0.0.1 GET /
[ info ] test.oneshop.com/ [运行时间：0.016354s][吞吐率：61.15req/s] [内存消耗：2,463.98kb] [文件加载：46]
[ info ] [ LANG ] /Users/tonytian/project/PHP/OneShop/thinkphp/lang/zh-cn.php
[ info ] [ ROUTE ] array (
  'type' => 'module',
  'module' => 
  array (
    0 => '',
    1 => NULL,
    2 => NULL,
  ),
)
[ info ] [ HEADER ] array (
  'host' => 'test.oneshop.com',
  'connection' => 'keep-alive',
  'user-agent' => 'Mozilla/5.0 (Macintosh; Intel Mac OS X 10_12_6) AppleWebKit/537.36 (KHTML, like Gecko) Chrome/61.0.3163.100 Safari/537.36',
  'accept' => 'image/webp,image/apng,image/*,*/*;q=0.8',
  'referer' => 'http://test.oneshop.com/index',
  'accept-encoding' => 'gzip, deflate',
  'accept-language' => 'zh-CN,zh;q=0.8',
  'cookie' => 'Hm_lvt_32e3cb4cf7e5c6772c4dc1f5d496b6af=1506524736,1506933236; PHPSESSID=66f6g73in4eekvsf4o067glqo4',
)
[ info ] [ PARAM ] array (
)
[ info ] [ CACHE ] INIT File
[ info ] [ RUN ] osc\index\controller\Index->index[ /Users/tonytian/project/PHP/OneShop/oscshop/index/controller/Index.php ]
[ info ] [ VIEW ] ../oscshop/index/view/index/index.html [ array (
  0 => 'top_nav',
  1 => 'empty',
  2 => 'list',
  3 => 'SEO',
) ]
[ info ] [ SESSION ] INIT array (
  'type' => '',
  'auto_start' => true,
)
[ info ] [ LOG ] INIT File
